2025-04-24 23:10:50 - [INFO]: Logging initialized. Main log: /media/kkk/Apps/jetc/buildx/logs/build-2025-04-24_23-10-50_UTC.log, Error log: /media/kkk/Apps/jetc/buildx/logs/errors-2025-04-24_23-10-50_UTC.log
2025-04-24 23:10:50 - [START]: Script started
2025-04-24 23:10:50 - [INFO]: Checking dependencies: docker dialog
2025-04-24 23:10:50 - [SUCCESS]: All dependencies verified.
2025-04-24 23:10:50 - [INFO]: Starting Jetson Container Build Process...
2025-04-24 23:10:50 - [INFO]: --- Starting User Interaction ---
2025-04-24 23:11:20 - [INFO]: Attempting to pull image: kairin/jetc:nvcr-io-nvidia-pytorch-25.03-py3
2025-04-24 23:11:23 - [SUCCESS]:  -> Successfully pulled image: kairin/jetc:nvcr-io-nvidia-pytorch-25.03-py3
2025-04-24 23:11:26 - [SUCCESS]: User interaction completed successfully
2025-04-24 23:11:26 - [INFO]: Selections:
2025-04-24 23:11:26 - [INFO]:   Base Image: kairin/jetc:nvcr-io-nvidia-pytorch-25.03-py3
2025-04-24 23:11:26 - [INFO]:   Selected Stages: 01-00-build-essential 01-01-arrow 01-02-numba 01-03-numpy 01-04-cuda 01-05-h5py
2025-04-24 23:11:26 - [INFO]:   Docker User: kairin
2025-04-24 23:11:26 - [INFO]:   Docker Repo Prefix: jetc
2025-04-24 23:11:26 - [INFO]:   Use Cache: n
2025-04-24 23:11:26 - [INFO]:   Use Squash: n
2025-04-24 23:11:26 - [INFO]:   Skip Push/Pull (Build Locally): n
2025-04-24 23:11:26 - [INFO]:   Use Buildx Builder: n
2025-04-24 23:11:26 - [INFO]: --- Setting up Docker Buildx ---
2025-04-24 23:11:26 - [INFO]: Target builder instance: 'jetson-builder'
2025-04-24 23:11:26 - [INFO]: Buildx builder 'jetson-builder' already exists.
2025-04-24 23:11:27 - [SUCCESS]: --- Docker Buildx setup complete. Using builder: 'jetson-builder' ---
2025-04-24 23:11:27 - [SUCCESS]: Docker buildx builder setup complete.
2025-04-24 23:11:27 - [INFO]: --- Determining Build Order ---
2025-04-24 23:11:27 - [INFO]: User selected specific stages: 01-00-build-essential 01-01-arrow 01-02-numba 01-03-numpy 01-04-cuda 01-05-h5py
2025-04-24 23:11:27 - [INFO]: Final determined build order (5 stages):
2025-04-24 23:11:27 - [INFO]:   - 01-00-build-essential
2025-04-24 23:11:27 - [INFO]:   - 01-01-arrow
2025-04-24 23:11:27 - [INFO]:   - 01-02-numba
2025-04-24 23:11:27 - [INFO]:   - 01-03-numpy
2025-04-24 23:11:27 - [INFO]:   - 01-05-h5py
2025-04-24 23:11:27 - [INFO]: --- Build Order Determined ---
2025-04-24 23:11:27 - [SUCCESS]: Build order determined.
2025-04-24 23:11:27 - [INFO]: --- Starting Build Stages ---
2025-04-24 23:11:27 - [INFO]: Found 5 stages to process.
2025-04-24 23:11:27 - [INFO]: --- Processing Stage: 01-00-build-essential ---
