Setting build stage to: 19-bitsandbytes
==== EXECUTING: build_folder_image build/01-00-build-essential n linux/arm64 n n kairin/jetc:nvcr-io-nvidia-pytorch-24.12-py3-igpu kairin jetc  ====
==== STAGE: 19-bitsandbytes START: Wed Apr 23 04:10:38 +08 2025 ====
kairin/jetc:01-00-build-essential
--------------------------------------------------
Building image from folder: build/01-00-build-essential
Image Name: 01-00-build-essential
Platform: linux/arm64
Tag: kairin/jetc:01-00-build-essential
Base Image (FROM via ARG): kairin/jetc:nvcr-io-nvidia-pytorch-24.12-py3-igpu
Skip Intermediate Push/Pull: n
--------------------------------------------------
Using --no-cache
Using --push
Running Build Command:
docker buildx build --platform linux/arm64 -t kairin/jetc:01-00-build-essential --build-arg BASE_IMAGE=kairin/jetc:nvcr-io-nvidia-pytorch-24.12-py3-igpu --no-cache --push build/01-00-build-essential
#0 building with "jetson-builder" instance using docker-container driver

#1 [internal] load build definition from Dockerfile
#1 transferring dockerfile: 7.82kB done
#1 WARN: RedundantTargetPlatform: Setting platform to predefined $TARGETPLATFORM in FROM is redundant as this is the default behavior (line 27)
#1 DONE 0.0s

#2 [internal] load metadata for docker.io/kairin/jetc:nvcr-io-nvidia-pytorch-24.12-py3-igpu
#2 ...

#3 [auth] kairin/jetc:pull token for registry-1.docker.io
#3 DONE 0.0s

#2 [internal] load metadata for docker.io/kairin/jetc:nvcr-io-nvidia-pytorch-24.12-py3-igpu
#2 DONE 2.6s

#4 [internal] load .dockerignore
#4 transferring context: 2B done
#4 DONE 0.0s

#5 [1/6] FROM docker.io/kairin/jetc:nvcr-io-nvidia-pytorch-24.12-py3-igpu@sha256:e8d502d1ae388d2addc99b7d02cc320b1432deb3b9c207aa33cb50706323f0a6
#5 resolve docker.io/kairin/jetc:nvcr-io-nvidia-pytorch-24.12-py3-igpu@sha256:e8d502d1ae388d2addc99b7d02cc320b1432deb3b9c207aa33cb50706323f0a6 0.0s done
#5 DONE 2.0s

#5 [1/6] FROM docker.io/kairin/jetc:nvcr-io-nvidia-pytorch-24.12-py3-igpu@sha256:e8d502d1ae388d2addc99b7d02cc320b1432deb3b9c207aa33cb50706323f0a6
#5 sha256:f82f6bad9d7e9f1ad142b852d7616aae1af3178787964e19ac5264a5e4210ecd 0B / 24.31kB 0.2s
#5 sha256:f82f6bad9d7e9f1ad142b852d7616aae1af3178787964e19ac5264a5e4210ecd 24.31kB / 24.31kB 0.3s
#5 sha256:27e863284e2bbf0e6d582cc95f0eaa25c21203bb71d606beeb13c9e3f2acdbbf 0B / 502B 0.2s
#5 sha256:e7b515f1bc1c9756c09463872682db7a08fbee9c41322f1acb2bed88a6700433 0B / 12.06kB 0.2s
#5 sha256:5e69c757ec050baa6bac140de96ea50a275054840c1eeab2775543e978807e51 0B / 14.95MB 0.2s
#5 sha256:f82f6bad9d7e9f1ad142b852d7616aae1af3178787964e19ac5264a5e4210ecd 24.31kB / 24.31kB 0.6s done
#5 sha256:27e863284e2bbf0e6d582cc95f0eaa25c21203bb71d606beeb13c9e3f2acdbbf 502B / 502B 0.6s done
#5 sha256:e7b515f1bc1c9756c09463872682db7a08fbee9c41322f1acb2bed88a6700433 12.06kB / 12.06kB 0.7s done
#5 sha256:91a6014f18bfd4df0e4b3fc9f3c38fc7f2d0f8aaa43999b5a23e72f3d2c30692 0B / 114.48MB 0.2s
#5 sha256:e6039fc467554b4c29cb6e20d6b3cbd8f3d84de0f2736aa2cb5f9c325079197d 0B / 61.43MB 0.2s
#5 sha256:171ca931f427d3462c5533e38ef5fdaef36b9586cf9ae5411b44ccf62d8bfa88 0B / 23.12MB 0.2s
#5 sha256:5e69c757ec050baa6bac140de96ea50a275054840c1eeab2775543e978807e51 14.95MB / 14.95MB 0.9s done
#5 sha256:91a6014f18bfd4df0e4b3fc9f3c38fc7f2d0f8aaa43999b5a23e72f3d2c30692 16.78MB / 114.48MB 0.5s
#5 sha256:9401dad3a60d4894e77d16035738051e236ae1ef7fac44fc3f84fe35c2513133 0B / 1.72MB 0.2s
#5 sha256:91a6014f18bfd4df0e4b3fc9f3c38fc7f2d0f8aaa43999b5a23e72f3d2c30692 23.07MB / 114.48MB 0.6s
#5 sha256:e6039fc467554b4c29cb6e20d6b3cbd8f3d84de0f2736aa2cb5f9c325079197d 3.15MB / 61.43MB 0.6s
#5 sha256:171ca931f427d3462c5533e38ef5fdaef36b9586cf9ae5411b44ccf62d8bfa88 10.49MB / 23.12MB 0.6s
#5 sha256:e6039fc467554b4c29cb6e20d6b3cbd8f3d84de0f2736aa2cb5f9c325079197d 8.39MB / 61.43MB 0.8s
#5 sha256:171ca931f427d3462c5533e38ef5fdaef36b9586cf9ae5411b44ccf62d8bfa88 18.87MB / 23.12MB 0.8s
#5 sha256:91a6014f18bfd4df0e4b3fc9f3c38fc7f2d0f8aaa43999b5a23e72f3d2c30692 32.51MB / 114.48MB 0.9s
#5 sha256:e6039fc467554b4c29cb6e20d6b3cbd8f3d84de0f2736aa2cb5f9c325079197d 14.68MB / 61.43MB 0.9s
#5 sha256:171ca931f427d3462c5533e38ef5fdaef36b9586cf9ae5411b44ccf62d8bfa88 23.12MB / 23.12MB 0.9s done
#5 sha256:9401dad3a60d4894e77d16035738051e236ae1ef7fac44fc3f84fe35c2513133 1.05MB / 1.72MB 0.6s
#5 sha256:9401dad3a60d4894e77d16035738051e236ae1ef7fac44fc3f84fe35c2513133 1.72MB / 1.72MB 0.7s done
#5 sha256:91a6014f18bfd4df0e4b3fc9f3c38fc7f2d0f8aaa43999b5a23e72f3d2c30692 44.04MB / 114.48MB 1.2s
#5 sha256:e6039fc467554b4c29cb6e20d6b3cbd8f3d84de0f2736aa2cb5f9c325079197d 20.97MB / 61.43MB 1.1s
#5 sha256:71b4497e8560e18b3e5c6e0fa612dac19f8790cebdbac7b8edf5bbb17f1637fe 0B / 30.27MB 0.2s
#5 sha256:0207977b8e337d1f3812749523d3f223a85bd34e51e5f1c6547ae105f87a1cda 0B / 30.13MB 0.2s
#5 sha256:e6039fc467554b4c29cb6e20d6b3cbd8f3d84de0f2736aa2cb5f9c325079197d 32.51MB / 61.43MB 1.2s
#5 sha256:91a6014f18bfd4df0e4b3fc9f3c38fc7f2d0f8aaa43999b5a23e72f3d2c30692 52.43MB / 114.48MB 1.5s
#5 sha256:e6039fc467554b4c29cb6e20d6b3cbd8f3d84de0f2736aa2cb5f9c325079197d 37.75MB / 61.43MB 1.4s
#5 sha256:71b4497e8560e18b3e5c6e0fa612dac19f8790cebdbac7b8edf5bbb17f1637fe 7.34MB / 30.27MB 0.5s
#5 sha256:e6039fc467554b4c29cb6e20d6b3cbd8f3d84de0f2736aa2cb5f9c325079197d 41.94MB / 61.43MB 1.5s
#5 sha256:71b4497e8560e18b3e5c6e0fa612dac19f8790cebdbac7b8edf5bbb17f1637fe 15.73MB / 30.27MB 0.6s
#5 sha256:e6039fc467554b4c29cb6e20d6b3cbd8f3d84de0f2736aa2cb5f9c325079197d 45.14MB / 61.43MB 1.7s
#5 sha256:71b4497e8560e18b3e5c6e0fa612dac19f8790cebdbac7b8edf5bbb17f1637fe 30.27MB / 30.27MB 0.8s done
#5 sha256:0207977b8e337d1f3812749523d3f223a85bd34e51e5f1c6547ae105f87a1cda 2.10MB / 30.13MB 0.8s
#5 sha256:91a6014f18bfd4df0e4b3fc9f3c38fc7f2d0f8aaa43999b5a23e72f3d2c30692 59.77MB / 114.48MB 1.8s
#5 sha256:e6039fc467554b4c29cb6e20d6b3cbd8f3d84de0f2736aa2cb5f9c325079197d 50.33MB / 61.43MB 1.8s
#5 sha256:0207977b8e337d1f3812749523d3f223a85bd34e51e5f1c6547ae105f87a1cda 4.19MB / 30.13MB 0.9s
#5 sha256:3b335bd71bf7771c1d584c9a1088b53648f24eab7b3a35a1417e0026c8493f5b 0B / 1.11kB 0.2s
#5 sha256:91a6014f18bfd4df0e4b3fc9f3c38fc7f2d0f8aaa43999b5a23e72f3d2c30692 67.11MB / 114.48MB 2.0s
#5 sha256:e6039fc467554b4c29cb6e20d6b3cbd8f3d84de0f2736aa2cb5f9c325079197d 55.57MB / 61.43MB 2.0s
#5 sha256:0207977b8e337d1f3812749523d3f223a85bd34e51e5f1c6547ae105f87a1cda 8.39MB / 30.13MB 1.1s
#5 sha256:3b335bd71bf7771c1d584c9a1088b53648f24eab7b3a35a1417e0026c8493f5b 1.11kB / 1.11kB 0.3s done
#5 sha256:91a6014f18bfd4df0e4b3fc9f3c38fc7f2d0f8aaa43999b5a23e72f3d2c30692 75.50MB / 114.48MB 2.1s
#5 sha256:e6039fc467554b4c29cb6e20d6b3cbd8f3d84de0f2736aa2cb5f9c325079197d 61.43MB / 61.43MB 2.1s done
#5 sha256:0207977b8e337d1f3812749523d3f223a85bd34e51e5f1c6547ae105f87a1cda 13.63MB / 30.13MB 1.2s
#5 sha256:4115192173b4167816125003724a8f2aee76d402774c19f4bda92d5a22cea0ba 0B / 1.12kB 0.2s
#5 sha256:91a6014f18bfd4df0e4b3fc9f3c38fc7f2d0f8aaa43999b5a23e72f3d2c30692 84.93MB / 114.48MB 2.3s
#5 sha256:0207977b8e337d1f3812749523d3f223a85bd34e51e5f1c6547ae105f87a1cda 19.92MB / 30.13MB 1.4s
#5 sha256:4115192173b4167816125003724a8f2aee76d402774c19f4bda92d5a22cea0ba 1.12kB / 1.12kB 0.3s done
#5 sha256:b3671bc1fe6ae42f30a2203b53b0b49dea26cd30bac1f5c0b1b7f656ecf3a99f 0B / 59.90MB 0.2s
#5 sha256:91a6014f18bfd4df0e4b3fc9f3c38fc7f2d0f8aaa43999b5a23e72f3d2c30692 97.52MB / 114.48MB 2.4s
#5 sha256:91a6014f18bfd4df0e4b3fc9f3c38fc7f2d0f8aaa43999b5a23e72f3d2c30692 104.86MB / 114.48MB 2.6s
#5 sha256:0207977b8e337d1f3812749523d3f223a85bd34e51e5f1c6547ae105f87a1cda 23.07MB / 30.13MB 1.5s
#5 sha256:2a6768fb22d3672f821e39c454b794abb07f4b8f3cbc720b94c7d4f844590ff2 0B / 73.69kB 0.2s
#5 sha256:0207977b8e337d1f3812749523d3f223a85bd34e51e5f1c6547ae105f87a1cda 30.13MB / 30.13MB 1.7s done
#5 sha256:b3671bc1fe6ae42f30a2203b53b0b49dea26cd30bac1f5c0b1b7f656ecf3a99f 6.29MB / 59.90MB 0.5s
#5 sha256:2a6768fb22d3672f821e39c454b794abb07f4b8f3cbc720b94c7d4f844590ff2 73.69kB / 73.69kB 0.3s done
#5 sha256:91a6014f18bfd4df0e4b3fc9f3c38fc7f2d0f8aaa43999b5a23e72f3d2c30692 114.48MB / 114.48MB 2.8s done
#5 sha256:b3671bc1fe6ae42f30a2203b53b0b49dea26cd30bac1f5c0b1b7f656ecf3a99f 14.68MB / 59.90MB 0.6s
#5 sha256:c6b61ed4355c5ab22418c6b9274c45b8de6852dd3c86452656bc9b54ab378bbc 0B / 1.12kB 0.2s
#5 sha256:b3671bc1fe6ae42f30a2203b53b0b49dea26cd30bac1f5c0b1b7f656ecf3a99f 31.46MB / 59.90MB 0.8s
#5 sha256:d3d360707c00e54223b27f436bea2451b276b5b72da6ce6e1f0ed49bfb30b364 0B / 21.85MB 0.2s
#5 sha256:b3671bc1fe6ae42f30a2203b53b0b49dea26cd30bac1f5c0b1b7f656ecf3a99f 42.99MB / 59.90MB 0.9s
#5 sha256:c6b61ed4355c5ab22418c6b9274c45b8de6852dd3c86452656bc9b54ab378bbc 1.12kB / 1.12kB 0.3s done
#5 sha256:1e17e6489e725e7015304984449af292b924e8dda8c62c430c9818a419e7de7d 0B / 234.79MB 0.2s
#5 sha256:b3671bc1fe6ae42f30a2203b53b0b49dea26cd30bac1f5c0b1b7f656ecf3a99f 50.33MB / 59.90MB 1.1s
#5 sha256:d3d360707c00e54223b27f436bea2451b276b5b72da6ce6e1f0ed49bfb30b364 7.34MB / 21.85MB 0.5s
#5 sha256:8af4afaf02abf60fb0b57fc8af9e8056199c507230af1d3f2477d17fa8722012 0B / 2.72MB 0.2s
#5 sha256:b3671bc1fe6ae42f30a2203b53b0b49dea26cd30bac1f5c0b1b7f656ecf3a99f 56.62MB / 59.90MB 1.2s
#5 sha256:d3d360707c00e54223b27f436bea2451b276b5b72da6ce6e1f0ed49bfb30b364 12.58MB / 21.85MB 0.6s
#5 sha256:8af4afaf02abf60fb0b57fc8af9e8056199c507230af1d3f2477d17fa8722012 2.72MB / 2.72MB 0.4s done
#5 sha256:b3671bc1fe6ae42f30a2203b53b0b49dea26cd30bac1f5c0b1b7f656ecf3a99f 59.90MB / 59.90MB 1.3s done
#5 sha256:d3d360707c00e54223b27f436bea2451b276b5b72da6ce6e1f0ed49bfb30b364 17.83MB / 21.85MB 0.8s
#5 sha256:e83dc40231c00dc52f4b1ebf814beb3602e00e28e30335542063e5aa3ee45be3 0B / 1.65MB 0.2s
#5 sha256:d3d360707c00e54223b27f436bea2451b276b5b72da6ce6e1f0ed49bfb30b364 21.85MB / 21.85MB 0.9s done
#5 sha256:1e17e6489e725e7015304984449af292b924e8dda8c62c430c9818a419e7de7d 19.92MB / 234.79MB 0.8s
#5 sha256:e83dc40231c00dc52f4b1ebf814beb3602e00e28e30335542063e5aa3ee45be3 1.65MB / 1.65MB 0.3s
#5 sha256:1e17e6489e725e7015304984449af292b924e8dda8c62c430c9818a419e7de7d 36.70MB / 234.79MB 0.9s
#5 sha256:e83dc40231c00dc52f4b1ebf814beb3602e00e28e30335542063e5aa3ee45be3 1.65MB / 1.65MB 0.3s done
#5 sha256:fce58900065e7146de396363ec2c5183b1d376972d74bae5d0f46838e7400403 0B / 1.52MB 0.2s
#5 sha256:fce58900065e7146de396363ec2c5183b1d376972d74bae5d0f46838e7400403 1.52MB / 1.52MB 0.3s done
#5 sha256:2646a19a5715342001f30b30a4bceccbcfc508b1706dd04822d8edff0611c42d 74.09kB / 74.09kB 0.3s done
#5 sha256:7b69d1cf080fb38ac1b28c14d1ec4a2c345304fcc1d93f5c4035df73bad9c956 0B / 2.97kB 0.2s
#5 sha256:1e17e6489e725e7015304984449af292b924e8dda8c62c430c9818a419e7de7d 52.43MB / 234.79MB 1.1s
#5 sha256:7b69d1cf080fb38ac1b28c14d1ec4a2c345304fcc1d93f5c4035df73bad9c956 2.97kB / 2.97kB 0.3s done
#5 sha256:af907d3264e322c81a1c3b24bcf14abd3eb17e2d0c90289fc950f23e1b706df5 0B / 527.01MB 0.2s
#5 sha256:1e17e6489e725e7015304984449af292b924e8dda8c62c430c9818a419e7de7d 70.25MB / 234.79MB 1.2s
#5 sha256:c1ac6ce0a6c4e67f15175ccd2434444603a620df7cc24c9e9efbcc384d438dbe 0B / 17.01MB 0.2s
#5 sha256:cacccf90c641390ad5ed1b6c83564ca08c13d922e57d4c85aa6c98bc2614a916 0B / 362B 0.2s
#5 sha256:cacccf90c641390ad5ed1b6c83564ca08c13d922e57d4c85aa6c98bc2614a916 362B / 362B 0.3s done
#5 sha256:1e17e6489e725e7015304984449af292b924e8dda8c62c430c9818a419e7de7d 90.18MB / 234.79MB 1.5s
#5 sha256:c1ac6ce0a6c4e67f15175ccd2434444603a620df7cc24c9e9efbcc384d438dbe 6.29MB / 17.01MB 0.5s
#5 sha256:1c794d827823578cab176c7c49e396d100904559399d293681efe5fd90720df4 0B / 376B 0.2s
#5 sha256:c1ac6ce0a6c4e67f15175ccd2434444603a620df7cc24c9e9efbcc384d438dbe 11.53MB / 17.01MB 0.6s
#5 sha256:1c794d827823578cab176c7c49e396d100904559399d293681efe5fd90720df4 376B / 376B 0.3s done
#5 sha256:1e17e6489e725e7015304984449af292b924e8dda8c62c430c9818a419e7de7d 108.00MB / 234.79MB 1.8s
#5 sha256:c1ac6ce0a6c4e67f15175ccd2434444603a620df7cc24c9e9efbcc384d438dbe 17.01MB / 17.01MB 0.8s done
#5 sha256:bc7c8c6c3e9fd75a7585dab91a217c7ffb947d83371e00b46f99be4d3e8abe23 0B / 542B 0.2s
#5 sha256:1e17e6489e725e7015304984449af292b924e8dda8c62c430c9818a419e7de7d 120.59MB / 234.79MB 2.0s
#5 sha256:bc7c8c6c3e9fd75a7585dab91a217c7ffb947d83371e00b46f99be4d3e8abe23 542B / 542B 0.3s done
#5 sha256:ab4f9c50fda8cb8ec49657048f9330e776e7c31c65ec93fccfe8a9d0986b8412 0B / 3.28MB 0.2s
#5 sha256:ab4f9c50fda8cb8ec49657048f9330e776e7c31c65ec93fccfe8a9d0986b8412 3.28MB / 3.28MB 0.4s done
#5 sha256:f20fbb91ce35fdb3c529fbbd19c8de9d5bc84945e86655764f3b1b73b1fb76f7 0B / 2.10MB 0.2s
#5 sha256:1e17e6489e725e7015304984449af292b924e8dda8c62c430c9818a419e7de7d 140.51MB / 234.79MB 2.3s
#5 sha256:f20fbb91ce35fdb3c529fbbd19c8de9d5bc84945e86655764f3b1b73b1fb76f7 2.10MB / 2.10MB 0.3s done
#5 sha256:6b42c39386b3cf6b1d28838d428d7ae6bd783b63d46a5beea99d4f20424c07c6 0B / 8.57kB 0.2s
#5 sha256:1e17e6489e725e7015304984449af292b924e8dda8c62c430c9818a419e7de7d 153.09MB / 234.79MB 2.4s
#5 sha256:af907d3264e322c81a1c3b24bcf14abd3eb17e2d0c90289fc950f23e1b706df5 31.46MB / 527.01MB 1.4s
#5 sha256:6b42c39386b3cf6b1d28838d428d7ae6bd783b63d46a5beea99d4f20424c07c6 8.57kB / 8.57kB 0.3s done
#5 sha256:122bfac0302db57dbed7ea64f8192eeb9c26011b2b927beab32b976581673a04 0B / 68.10MB 0.2s
#5 sha256:1e17e6489e725e7015304984449af292b924e8dda8c62c430c9818a419e7de7d 168.82MB / 234.79MB 2.7s
#5 sha256:0fe3fd2d5e3404c8ae8f72ab2467f10c6a858b16a2bbde9b41fd120ae4ece37e 0B / 177.34MB 0.2s
#5 sha256:122bfac0302db57dbed7ea64f8192eeb9c26011b2b927beab32b976581673a04 6.29MB / 68.10MB 0.5s
#5 sha256:122bfac0302db57dbed7ea64f8192eeb9c26011b2b927beab32b976581673a04 12.58MB / 68.10MB 0.6s
#5 sha256:122bfac0302db57dbed7ea64f8192eeb9c26011b2b927beab32b976581673a04 19.92MB / 68.10MB 0.8s
#5 sha256:1e17e6489e725e7015304984449af292b924e8dda8c62c430c9818a419e7de7d 183.50MB / 234.79MB 3.3s
#5 sha256:af907d3264e322c81a1c3b24bcf14abd3eb17e2d0c90289fc950f23e1b706df5 58.72MB / 527.01MB 2.3s
#5 sha256:122bfac0302db57dbed7ea64f8192eeb9c26011b2b927beab32b976581673a04 27.26MB / 68.10MB 0.9s
#5 sha256:0fe3fd2d5e3404c8ae8f72ab2467f10c6a858b16a2bbde9b41fd120ae4ece37e 10.49MB / 177.34MB 0.8s
#5 sha256:122bfac0302db57dbed7ea64f8192eeb9c26011b2b927beab32b976581673a04 35.65MB / 68.10MB 1.1s
#5 sha256:122bfac0302db57dbed7ea64f8192eeb9c26011b2b927beab32b976581673a04 44.04MB / 68.10MB 1.2s
#5 sha256:122bfac0302db57dbed7ea64f8192eeb9c26011b2b927beab32b976581673a04 52.43MB / 68.10MB 1.4s
#5 sha256:0fe3fd2d5e3404c8ae8f72ab2467f10c6a858b16a2bbde9b41fd120ae4ece37e 19.92MB / 177.34MB 1.2s
#5 sha256:122bfac0302db57dbed7ea64f8192eeb9c26011b2b927beab32b976581673a04 61.87MB / 68.10MB 1.5s
#5 sha256:1e17e6489e725e7015304984449af292b924e8dda8c62c430c9818a419e7de7d 198.18MB / 234.79MB 3.9s
#5 sha256:122bfac0302db57dbed7ea64f8192eeb9c26011b2b927beab32b976581673a04 68.10MB / 68.10MB 1.7s
#5 sha256:122bfac0302db57dbed7ea64f8192eeb9c26011b2b927beab32b976581673a04 68.10MB / 68.10MB 1.7s done
#5 sha256:1e17e6489e725e7015304984449af292b924e8dda8c62c430c9818a419e7de7d 211.81MB / 234.79MB 4.2s
#5 sha256:0fe3fd2d5e3404c8ae8f72ab2467f10c6a858b16a2bbde9b41fd120ae4ece37e 33.55MB / 177.34MB 1.7s
#5 sha256:fd2330f0761789e4e73fcaa2664f1693411f6811791d55b0fa011cc4c690e623 0B / 378.88MB 0.2s
#5 sha256:0fe3fd2d5e3404c8ae8f72ab2467f10c6a858b16a2bbde9b41fd120ae4ece37e 42.99MB / 177.34MB 2.0s
#5 sha256:1e17e6489e725e7015304984449af292b924e8dda8c62c430c9818a419e7de7d 227.54MB / 234.79MB 4.7s
#5 sha256:af907d3264e322c81a1c3b24bcf14abd3eb17e2d0c90289fc950f23e1b706df5 87.03MB / 527.01MB 3.6s
#5 sha256:0fe3fd2d5e3404c8ae8f72ab2467f10c6a858b16a2bbde9b41fd120ae4ece37e 53.48MB / 177.34MB 2.4s
#5 sha256:fd2330f0761789e4e73fcaa2664f1693411f6811791d55b0fa011cc4c690e623 24.12MB / 378.88MB 0.9s
#5 sha256:1e17e6489e725e7015304984449af292b924e8dda8c62c430c9818a419e7de7d 234.79MB / 234.79MB 5.0s done
#5 sha256:fd2330f0761789e4e73fcaa2664f1693411f6811791d55b0fa011cc4c690e623 52.43MB / 378.88MB 1.4s
#5 sha256:b5e1d8d0075fe300f734fe9f376412410ca253d7fb0ba36b40dda707cb26fa89 0B / 116B 0.2s
#5 sha256:0fe3fd2d5e3404c8ae8f72ab2467f10c6a858b16a2bbde9b41fd120ae4ece37e 63.96MB / 177.34MB 2.9s
#5 sha256:b5e1d8d0075fe300f734fe9f376412410ca253d7fb0ba36b40dda707cb26fa89 116B / 116B 0.5s done
#5 sha256:af907d3264e322c81a1c3b24bcf14abd3eb17e2d0c90289fc950f23e1b706df5 116.39MB / 527.01MB 4.7s
#5 sha256:0fe3fd2d5e3404c8ae8f72ab2467f10c6a858b16a2bbde9b41fd120ae4ece37e 75.50MB / 177.34MB 3.3s
#5 sha256:fd2330f0761789e4e73fcaa2664f1693411f6811791d55b0fa011cc4c690e623 79.69MB / 378.88MB 1.8s
#5 sha256:6e4ad9289281d4480845528e7bfcd526c7e013d2ff6c58434071692f359e3ded 0B / 15.56MB 0.2s
#5 sha256:6e4ad9289281d4480845528e7bfcd526c7e013d2ff6c58434071692f359e3ded 3.15MB / 15.56MB 0.5s
#5 sha256:0fe3fd2d5e3404c8ae8f72ab2467f10c6a858b16a2bbde9b41fd120ae4ece37e 88.08MB / 177.34MB 3.8s
#5 sha256:fd2330f0761789e4e73fcaa2664f1693411f6811791d55b0fa011cc4c690e623 103.81MB / 378.88MB 2.3s
#5 sha256:6e4ad9289281d4480845528e7bfcd526c7e013d2ff6c58434071692f359e3ded 6.31MB / 15.56MB 0.6s
#5 sha256:6e4ad9289281d4480845528e7bfcd526c7e013d2ff6c58434071692f359e3ded 9.44MB / 15.56MB 0.8s
#5 sha256:6e4ad9289281d4480845528e7bfcd526c7e013d2ff6c58434071692f359e3ded 12.58MB / 15.56MB 0.9s
#5 sha256:0fe3fd2d5e3404c8ae8f72ab2467f10c6a858b16a2bbde9b41fd120ae4ece37e 99.61MB / 177.34MB 4.2s
#5 sha256:fd2330f0761789e4e73fcaa2664f1693411f6811791d55b0fa011cc4c690e623 127.93MB / 378.88MB 2.7s
#5 sha256:6e4ad9289281d4480845528e7bfcd526c7e013d2ff6c58434071692f359e3ded 15.56MB / 15.56MB 1.0s done
#5 sha256:57e496f4d9fb763a023bc1e27c530840ece1bfecca3c7153345dbd6f95257029 0B / 29.05MB 0.2s
#5 sha256:af907d3264e322c81a1c3b24bcf14abd3eb17e2d0c90289fc950f23e1b706df5 144.70MB / 527.01MB 6.0s
#5 sha256:fd2330f0761789e4e73fcaa2664f1693411f6811791d55b0fa011cc4c690e623 156.24MB / 378.88MB 3.2s
#5 sha256:57e496f4d9fb763a023bc1e27c530840ece1bfecca3c7153345dbd6f95257029 2.10MB / 29.05MB 0.5s
#5 sha256:0fe3fd2d5e3404c8ae8f72ab2467f10c6a858b16a2bbde9b41fd120ae4ece37e 111.15MB / 177.34MB 4.7s
#5 sha256:57e496f4d9fb763a023bc1e27c530840ece1bfecca3c7153345dbd6f95257029 5.24MB / 29.05MB 0.6s
#5 sha256:57e496f4d9fb763a023bc1e27c530840ece1bfecca3c7153345dbd6f95257029 7.34MB / 29.05MB 0.8s
#5 sha256:fd2330f0761789e4e73fcaa2664f1693411f6811791d55b0fa011cc4c690e623 182.45MB / 378.88MB 3.6s
#5 sha256:57e496f4d9fb763a023bc1e27c530840ece1bfecca3c7153345dbd6f95257029 10.49MB / 29.05MB 0.9s
#5 sha256:0fe3fd2d5e3404c8ae8f72ab2467f10c6a858b16a2bbde9b41fd120ae4ece37e 120.59MB / 177.34MB 5.1s
#5 sha256:57e496f4d9fb763a023bc1e27c530840ece1bfecca3c7153345dbd6f95257029 13.63MB / 29.05MB 1.1s
#5 sha256:57e496f4d9fb763a023bc1e27c530840ece1bfecca3c7153345dbd6f95257029 16.78MB / 29.05MB 1.2s
#5 sha256:fd2330f0761789e4e73fcaa2664f1693411f6811791d55b0fa011cc4c690e623 208.67MB / 378.88MB 4.1s
#5 sha256:57e496f4d9fb763a023bc1e27c530840ece1bfecca3c7153345dbd6f95257029 19.92MB / 29.05MB 1.4s
#5 sha256:0fe3fd2d5e3404c8ae8f72ab2467f10c6a858b16a2bbde9b41fd120ae4ece37e 130.02MB / 177.34MB 5.6s
#5 sha256:57e496f4d9fb763a023bc1e27c530840ece1bfecca3c7153345dbd6f95257029 24.12MB / 29.05MB 1.5s
#5 sha256:57e496f4d9fb763a023bc1e27c530840ece1bfecca3c7153345dbd6f95257029 27.26MB / 29.05MB 1.7s
#5 sha256:fd2330f0761789e4e73fcaa2664f1693411f6811791d55b0fa011cc4c690e623 239.08MB / 378.88MB 4.5s
#5 sha256:57e496f4d9fb763a023bc1e27c530840ece1bfecca3c7153345dbd6f95257029 29.05MB / 29.05MB 1.7s done
#5 sha256:af907d3264e322c81a1c3b24bcf14abd3eb17e2d0c90289fc950f23e1b706df5 175.11MB / 527.01MB 7.5s
#5 sha256:4df6c69b4500387a230b506e94124506aa0c9e8a886728fbeb142dbf3d28120e 0B / 5.70MB 0.2s
#5 sha256:fd2330f0761789e4e73fcaa2664f1693411f6811791d55b0fa011cc4c690e623 266.34MB / 378.88MB 5.0s
#5 sha256:4df6c69b4500387a230b506e94124506aa0c9e8a886728fbeb142dbf3d28120e 5.70MB / 5.70MB 0.5s done
#5 sha256:215685878852fab252c5b3a46e6e3010cbb13fedc64989652ab909664c2a7959 0B / 68.45MB 0.2s
#5 sha256:0fe3fd2d5e3404c8ae8f72ab2467f10c6a858b16a2bbde9b41fd120ae4ece37e 141.56MB / 177.34MB 6.6s
#5 sha256:fd2330f0761789e4e73fcaa2664f1693411f6811791d55b0fa011cc4c690e623 292.55MB / 378.88MB 5.4s
#5 sha256:215685878852fab252c5b3a46e6e3010cbb13fedc64989652ab909664c2a7959 4.19MB / 68.45MB 0.5s
#5 sha256:af907d3264e322c81a1c3b24bcf14abd3eb17e2d0c90289fc950f23e1b706df5 203.42MB / 527.01MB 8.6s
#5 sha256:0fe3fd2d5e3404c8ae8f72ab2467f10c6a858b16a2bbde9b41fd120ae4ece37e 153.09MB / 177.34MB 7.1s
#5 sha256:215685878852fab252c5b3a46e6e3010cbb13fedc64989652ab909664c2a7959 9.44MB / 68.45MB 0.8s
#5 sha256:fd2330f0761789e4e73fcaa2664f1693411f6811791d55b0fa011cc4c690e623 312.48MB / 378.88MB 5.9s
#5 sha256:0fe3fd2d5e3404c8ae8f72ab2467f10c6a858b16a2bbde9b41fd120ae4ece37e 163.58MB / 177.34MB 7.4s
#5 sha256:215685878852fab252c5b3a46e6e3010cbb13fedc64989652ab909664c2a7959 13.63MB / 68.45MB 1.1s
#5 sha256:0fe3fd2d5e3404c8ae8f72ab2467f10c6a858b16a2bbde9b41fd120ae4ece37e 177.34MB / 177.34MB 7.7s done
#5 sha256:215685878852fab252c5b3a46e6e3010cbb13fedc64989652ab909664c2a7959 19.92MB / 68.45MB 1.4s
#5 sha256:215685878852fab252c5b3a46e6e3010cbb13fedc64989652ab909664c2a7959 24.12MB / 68.45MB 1.5s
#5 sha256:af907d3264e322c81a1c3b24bcf14abd3eb17e2d0c90289fc950f23e1b706df5 231.74MB / 527.01MB 9.5s
#5 sha256:fd2330f0761789e4e73fcaa2664f1693411f6811791d55b0fa011cc4c690e623 335.54MB / 378.88MB 6.5s
#5 sha256:5fe9ee90df4fab763d44024cd8f9de04d181ce1ab11c8edd906406f26ccd90ec 0B / 11.70MB 0.2s
#5 sha256:215685878852fab252c5b3a46e6e3010cbb13fedc64989652ab909664c2a7959 29.36MB / 68.45MB 1.7s
#5 sha256:5fe9ee90df4fab763d44024cd8f9de04d181ce1ab11c8edd906406f26ccd90ec 5.24MB / 11.70MB 0.5s
#5 sha256:215685878852fab252c5b3a46e6e3010cbb13fedc64989652ab909664c2a7959 35.65MB / 68.45MB 2.0s
#5 sha256:5fe9ee90df4fab763d44024cd8f9de04d181ce1ab11c8edd906406f26ccd90ec 11.70MB / 11.70MB 0.6s done
#5 sha256:fd2330f0761789e4e73fcaa2664f1693411f6811791d55b0fa011cc4c690e623 359.66MB / 378.88MB 7.1s
#5 sha256:215685878852fab252c5b3a46e6e3010cbb13fedc64989652ab909664c2a7959 40.89MB / 68.45MB 2.1s
#5 sha256:c8e942f977e984ce4dadbd6c71584b0f4fcca8d2a939b70f3a680215465f97d1 0B / 145B 0.2s
#5 sha256:215685878852fab252c5b3a46e6e3010cbb13fedc64989652ab909664c2a7959 46.14MB / 68.45MB 2.3s
#5 sha256:c8e942f977e984ce4dadbd6c71584b0f4fcca8d2a939b70f3a680215465f97d1 145B / 145B 0.3s done
#5 sha256:215685878852fab252c5b3a46e6e3010cbb13fedc64989652ab909664c2a7959 52.43MB / 68.45MB 2.4s
#5 sha256:6bbd8e6b0416e7e132f3eeceda678df36e6dd79ae13af1a17ceee058dae03093 0B / 102.51MB 0.2s
#5 sha256:fd2330f0761789e4e73fcaa2664f1693411f6811791d55b0fa011cc4c690e623 378.88MB / 378.88MB 7.6s done
#5 sha256:215685878852fab252c5b3a46e6e3010cbb13fedc64989652ab909664c2a7959 59.77MB / 68.45MB 2.6s
#5 sha256:af907d3264e322c81a1c3b24bcf14abd3eb17e2d0c90289fc950f23e1b706df5 259.00MB / 527.01MB 10.5s
#5 sha256:215685878852fab252c5b3a46e6e3010cbb13fedc64989652ab909664c2a7959 68.45MB / 68.45MB 2.8s done
#5 sha256:6bbd8e6b0416e7e132f3eeceda678df36e6dd79ae13af1a17ceee058dae03093 8.39MB / 102.51MB 0.5s
#5 sha256:94f60b2cd91826e665359118155fdd4b038e21a9763f01e9a2a3a8efb2b85606 0B / 502B 0.2s
#5 sha256:6bbd8e6b0416e7e132f3eeceda678df36e6dd79ae13af1a17ceee058dae03093 17.83MB / 102.51MB 0.6s
#5 sha256:94f60b2cd91826e665359118155fdd4b038e21a9763f01e9a2a3a8efb2b85606 502B / 502B 0.3s done
#5 sha256:be98e587cffbcbbbfbb689155b4047481606ce04f8fc4bc2d1db54c592a82ffc 0B / 85.52MB 0.2s
#5 sha256:6bbd8e6b0416e7e132f3eeceda678df36e6dd79ae13af1a17ceee058dae03093 27.26MB / 102.51MB 0.8s
#5 sha256:fa43370883cb5c7815ce6e06796c92f51c7d9472d2ed157e4d61a836b8fc8fa1 0B / 36.62MB 0.2s
#5 sha256:6bbd8e6b0416e7e132f3eeceda678df36e6dd79ae13af1a17ceee058dae03093 35.65MB / 102.51MB 0.9s
#5 sha256:af907d3264e322c81a1c3b24bcf14abd3eb17e2d0c90289fc950f23e1b706df5 289.41MB / 527.01MB 11.1s
#5 sha256:6bbd8e6b0416e7e132f3eeceda678df36e6dd79ae13af1a17ceee058dae03093 42.99MB / 102.51MB 1.1s
#5 sha256:be98e587cffbcbbbfbb689155b4047481606ce04f8fc4bc2d1db54c592a82ffc 5.24MB / 85.52MB 0.6s
#5 sha256:6bbd8e6b0416e7e132f3eeceda678df36e6dd79ae13af1a17ceee058dae03093 48.23MB / 102.51MB 1.2s
#5 sha256:fa43370883cb5c7815ce6e06796c92f51c7d9472d2ed157e4d61a836b8fc8fa1 3.15MB / 36.62MB 0.6s
#5 sha256:be98e587cffbcbbbfbb689155b4047481606ce04f8fc4bc2d1db54c592a82ffc 13.63MB / 85.52MB 0.9s
#5 sha256:fa43370883cb5c7815ce6e06796c92f51c7d9472d2ed157e4d61a836b8fc8fa1 9.44MB / 36.62MB 0.8s
#5 sha256:6bbd8e6b0416e7e132f3eeceda678df36e6dd79ae13af1a17ceee058dae03093 56.62MB / 102.51MB 1.5s
#5 sha256:fa43370883cb5c7815ce6e06796c92f51c7d9472d2ed157e4d61a836b8fc8fa1 15.73MB / 36.62MB 0.9s
#5 sha256:be98e587cffbcbbbfbb689155b4047481606ce04f8fc4bc2d1db54c592a82ffc 19.92MB / 85.52MB 1.2s
#5 sha256:fa43370883cb5c7815ce6e06796c92f51c7d9472d2ed157e4d61a836b8fc8fa1 22.02MB / 36.62MB 1.1s
#5 sha256:6bbd8e6b0416e7e132f3eeceda678df36e6dd79ae13af1a17ceee058dae03093 65.01MB / 102.51MB 1.8s
#5 sha256:fa43370883cb5c7815ce6e06796c92f51c7d9472d2ed157e4d61a836b8fc8fa1 29.36MB / 36.62MB 1.2s
#5 sha256:be98e587cffbcbbbfbb689155b4047481606ce04f8fc4bc2d1db54c592a82ffc 26.21MB / 85.52MB 1.5s
#5 sha256:fa43370883cb5c7815ce6e06796c92f51c7d9472d2ed157e4d61a836b8fc8fa1 36.62MB / 36.62MB 1.3s done
#5 sha256:af907d3264e322c81a1c3b24bcf14abd3eb17e2d0c90289fc950f23e1b706df5 319.82MB / 527.01MB 12.2s
#5 sha256:6bbd8e6b0416e7e132f3eeceda678df36e6dd79ae13af1a17ceee058dae03093 72.35MB / 102.51MB 2.1s
#5 sha256:1812e4fef829f09d370dc012a74d462dd975775147f2d7df3fc32d6601f081c8 0B / 139.29kB 0.2s
#5 sha256:6bbd8e6b0416e7e132f3eeceda678df36e6dd79ae13af1a17ceee058dae03093 77.59MB / 102.51MB 2.3s
#5 sha256:be98e587cffbcbbbfbb689155b4047481606ce04f8fc4bc2d1db54c592a82ffc 35.65MB / 85.52MB 1.8s
#5 sha256:1812e4fef829f09d370dc012a74d462dd975775147f2d7df3fc32d6601f081c8 139.29kB / 139.29kB 0.3s done
#5 sha256:be98e587cffbcbbbfbb689155b4047481606ce04f8fc4bc2d1db54c592a82ffc 40.89MB / 85.52MB 2.0s
#5 sha256:6bbd8e6b0416e7e132f3eeceda678df36e6dd79ae13af1a17ceee058dae03093 87.03MB / 102.51MB 2.6s
#5 sha256:417ba785aa2ef82e0f7763b06b4baffbd0bfcf3a3cf6699d4ce440334e366d5a 0B / 6.33kB 0.2s
#5 sha256:af907d3264e322c81a1c3b24bcf14abd3eb17e2d0c90289fc950f23e1b706df5 349.18MB / 527.01MB 12.8s
#5 sha256:6bbd8e6b0416e7e132f3eeceda678df36e6dd79ae13af1a17ceee058dae03093 92.27MB / 102.51MB 2.7s
#5 sha256:be98e587cffbcbbbfbb689155b4047481606ce04f8fc4bc2d1db54c592a82ffc 46.14MB / 85.52MB 2.1s
#5 sha256:417ba785aa2ef82e0f7763b06b4baffbd0bfcf3a3cf6699d4ce440334e366d5a 6.33kB / 6.33kB 0.3s done
#5 sha256:6bbd8e6b0416e7e132f3eeceda678df36e6dd79ae13af1a17ceee058dae03093 99.61MB / 102.51MB 2.9s
#5 sha256:be98e587cffbcbbbfbb689155b4047481606ce04f8fc4bc2d1db54c592a82ffc 51.38MB / 85.52MB 2.3s
#5 sha256:cec81371c46d1bb020081fe0d6f2fbbde80b2c7cdc8f5fcfae2ec20caccc7956 0B / 182B 0.2s
#5 sha256:6bbd8e6b0416e7e132f3eeceda678df36e6dd79ae13af1a17ceee058dae03093 102.51MB / 102.51MB 3.0s done
#5 sha256:be98e587cffbcbbbfbb689155b4047481606ce04f8fc4bc2d1db54c592a82ffc 56.62MB / 85.52MB 2.4s
#5 sha256:cec81371c46d1bb020081fe0d6f2fbbde80b2c7cdc8f5fcfae2ec20caccc7956 182B / 182B 0.3s done
#5 sha256:be98e587cffbcbbbfbb689155b4047481606ce04f8fc4bc2d1db54c592a82ffc 70.25MB / 85.52MB 2.6s
#5 sha256:7afbeaaf72f9aecf18a9d488260dd37784e6afaf29d524bee8578923feca0777 0B / 11.54kB 0.2s
#5 sha256:be98e587cffbcbbbfbb689155b4047481606ce04f8fc4bc2d1db54c592a82ffc 81.79MB / 85.52MB 2.7s
#5 sha256:7afbeaaf72f9aecf18a9d488260dd37784e6afaf29d524bee8578923feca0777 11.54kB / 11.54kB 0.3s done
#5 sha256:270433f0c742936ecd40c16dbad0fe14e76289cb40cbe9654ba796439a208c60 0B / 1.89GB 0.2s
#5 sha256:be98e587cffbcbbbfbb689155b4047481606ce04f8fc4bc2d1db54c592a82ffc 85.52MB / 85.52MB 2.8s done
#5 sha256:7eb1db303e0ed9ec4a862ca90b4c00c0c718e95326c3e61bda91e9ba365a4f8a 0B / 132.31MB 0.2s
#5 sha256:af907d3264e322c81a1c3b24bcf14abd3eb17e2d0c90289fc950f23e1b706df5 379.58MB / 527.01MB 13.7s
#5 sha256:c80987891f2dd9bc02a9f6604dad1258582cbb8afda3babf2c645abe25e3de5b 0B / 15.62kB 0.2s
#5 sha256:7eb1db303e0ed9ec4a862ca90b4c00c0c718e95326c3e61bda91e9ba365a4f8a 7.34MB / 132.31MB 0.5s
#5 sha256:c80987891f2dd9bc02a9f6604dad1258582cbb8afda3babf2c645abe25e3de5b 15.62kB / 15.62kB 0.3s done
#5 sha256:0d8520f2be50c42c19be96dfae99e14047e54e669249b57ba9a796713f3482df 0B / 199B 0.2s
#5 sha256:7eb1db303e0ed9ec4a862ca90b4c00c0c718e95326c3e61bda91e9ba365a4f8a 18.87MB / 132.31MB 0.8s
#5 sha256:0d8520f2be50c42c19be96dfae99e14047e54e669249b57ba9a796713f3482df 199B / 199B 0.3s done
#5 sha256:0bc39681e25d4addd4cfadd987c449f1d4373f80e96c24e79839d3e5ad3e9f90 0B / 110.10MB 0.2s
#5 sha256:af907d3264e322c81a1c3b24bcf14abd3eb17e2d0c90289fc950f23e1b706df5 411.04MB / 527.01MB 14.4s
#5 sha256:7eb1db303e0ed9ec4a862ca90b4c00c0c718e95326c3e61bda91e9ba365a4f8a 28.31MB / 132.31MB 1.1s
#5 sha256:7eb1db303e0ed9ec4a862ca90b4c00c0c718e95326c3e61bda91e9ba365a4f8a 37.75MB / 132.31MB 1.4s
#5 sha256:0bc39681e25d4addd4cfadd987c449f1d4373f80e96c24e79839d3e5ad3e9f90 9.44MB / 110.10MB 0.6s
#5 sha256:0bc39681e25d4addd4cfadd987c449f1d4373f80e96c24e79839d3e5ad3e9f90 15.73MB / 110.10MB 0.8s
#5 sha256:7eb1db303e0ed9ec4a862ca90b4c00c0c718e95326c3e61bda91e9ba365a4f8a 45.09MB / 132.31MB 1.7s
#5 sha256:0bc39681e25d4addd4cfadd987c449f1d4373f80e96c24e79839d3e5ad3e9f90 22.02MB / 110.10MB 0.9s
#5 sha256:0bc39681e25d4addd4cfadd987c449f1d4373f80e96c24e79839d3e5ad3e9f90 28.31MB / 110.10MB 1.1s
#5 sha256:7eb1db303e0ed9ec4a862ca90b4c00c0c718e95326c3e61bda91e9ba365a4f8a 52.43MB / 132.31MB 2.0s
#5 sha256:0bc39681e25d4addd4cfadd987c449f1d4373f80e96c24e79839d3e5ad3e9f90 36.70MB / 110.10MB 1.2s
#5 sha256:af907d3264e322c81a1c3b24bcf14abd3eb17e2d0c90289fc950f23e1b706df5 439.35MB / 527.01MB 15.5s
#5 sha256:0bc39681e25d4addd4cfadd987c449f1d4373f80e96c24e79839d3e5ad3e9f90 45.09MB / 110.10MB 1.4s
#5 sha256:0bc39681e25d4addd4cfadd987c449f1d4373f80e96c24e79839d3e5ad3e9f90 54.53MB / 110.10MB 1.5s
#5 sha256:7eb1db303e0ed9ec4a862ca90b4c00c0c718e95326c3e61bda91e9ba365a4f8a 60.82MB / 132.31MB 2.4s
#5 sha256:0bc39681e25d4addd4cfadd987c449f1d4373f80e96c24e79839d3e5ad3e9f90 62.91MB / 110.10MB 1.7s
#5 sha256:0bc39681e25d4addd4cfadd987c449f1d4373f80e96c24e79839d3e5ad3e9f90 72.35MB / 110.10MB 1.8s
#5 sha256:0bc39681e25d4addd4cfadd987c449f1d4373f80e96c24e79839d3e5ad3e9f90 81.79MB / 110.10MB 2.0s
#5 sha256:7eb1db303e0ed9ec4a862ca90b4c00c0c718e95326c3e61bda91e9ba365a4f8a 70.25MB / 132.31MB 2.9s
#5 sha256:0bc39681e25d4addd4cfadd987c449f1d4373f80e96c24e79839d3e5ad3e9f90 91.32MB / 110.10MB 2.1s
#5 sha256:0bc39681e25d4addd4cfadd987c449f1d4373f80e96c24e79839d3e5ad3e9f90 100.66MB / 110.10MB 2.3s
#5 sha256:0bc39681e25d4addd4cfadd987c449f1d4373f80e96c24e79839d3e5ad3e9f90 110.10MB / 110.10MB 2.4s done
#5 sha256:af907d3264e322c81a1c3b24bcf14abd3eb17e2d0c90289fc950f23e1b706df5 470.81MB / 527.01MB 16.7s
#5 sha256:7eb1db303e0ed9ec4a862ca90b4c00c0c718e95326c3e61bda91e9ba365a4f8a 81.79MB / 132.31MB 3.3s
#5 sha256:820619057a1cc50474c2cd06ab8441e47f8a45a87c9c47eb3abd8d47492f27a7 0B / 29.96MB 0.2s
#5 sha256:7eb1db303e0ed9ec4a862ca90b4c00c0c718e95326c3e61bda91e9ba365a4f8a 94.37MB / 132.31MB 3.6s
#5 sha256:270433f0c742936ecd40c16dbad0fe14e76289cb40cbe9654ba796439a208c60 98.57MB / 1.89GB 4.1s
#5 sha256:7eb1db303e0ed9ec4a862ca90b4c00c0c718e95326c3e61bda91e9ba365a4f8a 103.81MB / 132.31MB 3.9s
#5 sha256:af907d3264e322c81a1c3b24bcf14abd3eb17e2d0c90289fc950f23e1b706df5 500.17MB / 527.01MB 17.4s
#5 sha256:820619057a1cc50474c2cd06ab8441e47f8a45a87c9c47eb3abd8d47492f27a7 6.29MB / 29.96MB 0.9s
#5 sha256:7eb1db303e0ed9ec4a862ca90b4c00c0c718e95326c3e61bda91e9ba365a4f8a 113.25MB / 132.31MB 4.2s
#5 sha256:820619057a1cc50474c2cd06ab8441e47f8a45a87c9c47eb3abd8d47492f27a7 13.63MB / 29.96MB 1.1s
#5 sha256:820619057a1cc50474c2cd06ab8441e47f8a45a87c9c47eb3abd8d47492f27a7 19.92MB / 29.96MB 1.2s
#5 sha256:7eb1db303e0ed9ec4a862ca90b4c00c0c718e95326c3e61bda91e9ba365a4f8a 122.68MB / 132.31MB 4.5s
#5 sha256:820619057a1cc50474c2cd06ab8441e47f8a45a87c9c47eb3abd8d47492f27a7 24.12MB / 29.96MB 1.4s
#5 sha256:7eb1db303e0ed9ec4a862ca90b4c00c0c718e95326c3e61bda91e9ba365a4f8a 132.31MB / 132.31MB 4.8s done
#5 sha256:820619057a1cc50474c2cd06ab8441e47f8a45a87c9c47eb3abd8d47492f27a7 29.96MB / 29.96MB 1.7s done
#5 extracting sha256:820619057a1cc50474c2cd06ab8441e47f8a45a87c9c47eb3abd8d47492f27a7
#5 sha256:af907d3264e322c81a1c3b24bcf14abd3eb17e2d0c90289fc950f23e1b706df5 527.01MB / 527.01MB 18.3s
#5 sha256:af907d3264e322c81a1c3b24bcf14abd3eb17e2d0c90289fc950f23e1b706df5 527.01MB / 527.01MB 18.4s done
#5 sha256:270433f0c742936ecd40c16dbad0fe14e76289cb40cbe9654ba796439a208c60 196.08MB / 1.89GB 5.7s
#5 extracting sha256:820619057a1cc50474c2cd06ab8441e47f8a45a87c9c47eb3abd8d47492f27a7 1.3s done
#5 extracting sha256:0bc39681e25d4addd4cfadd987c449f1d4373f80e96c24e79839d3e5ad3e9f90
#5 sha256:270433f0c742936ecd40c16dbad0fe14e76289cb40cbe9654ba796439a208c60 301.05MB / 1.89GB 6.6s
#5 sha256:270433f0c742936ecd40c16dbad0fe14e76289cb40cbe9654ba796439a208c60 406.85MB / 1.89GB 7.5s
#5 sha256:270433f0c742936ecd40c16dbad0fe14e76289cb40cbe9654ba796439a208c60 512.75MB / 1.89GB 8.4s
#5 sha256:270433f0c742936ecd40c16dbad0fe14e76289cb40cbe9654ba796439a208c60 616.56MB / 1.89GB 9.3s
#5 extracting sha256:0bc39681e25d4addd4cfadd987c449f1d4373f80e96c24e79839d3e5ad3e9f90 3.1s done
#5 extracting sha256:0d8520f2be50c42c19be96dfae99e14047e54e669249b57ba9a796713f3482df 0.0s done
#5 extracting sha256:7eb1db303e0ed9ec4a862ca90b4c00c0c718e95326c3e61bda91e9ba365a4f8a
#5 sha256:270433f0c742936ecd40c16dbad0fe14e76289cb40cbe9654ba796439a208c60 714.10MB / 1.89GB 10.4s
#5 sha256:270433f0c742936ecd40c16dbad0fe14e76289cb40cbe9654ba796439a208c60 817.89MB / 1.89GB 11.3s
#5 sha256:270433f0c742936ecd40c16dbad0fe14e76289cb40cbe9654ba796439a208c60 923.13MB / 1.89GB 12.2s
#5 extracting sha256:7eb1db303e0ed9ec4a862ca90b4c00c0c718e95326c3e61bda91e9ba365a4f8a 2.9s done
#5 extracting sha256:c80987891f2dd9bc02a9f6604dad1258582cbb8afda3babf2c645abe25e3de5b 0.0s done
#5 sha256:270433f0c742936ecd40c16dbad0fe14e76289cb40cbe9654ba796439a208c60 1.03GB / 1.89GB 13.1s
#5 sha256:270433f0c742936ecd40c16dbad0fe14e76289cb40cbe9654ba796439a208c60 1.13GB / 1.89GB 14.0s
#5 sha256:270433f0c742936ecd40c16dbad0fe14e76289cb40cbe9654ba796439a208c60 1.23GB / 1.89GB 14.9s
#5 sha256:270433f0c742936ecd40c16dbad0fe14e76289cb40cbe9654ba796439a208c60 1.34GB / 1.89GB 15.9s
#5 sha256:270433f0c742936ecd40c16dbad0fe14e76289cb40cbe9654ba796439a208c60 1.44GB / 1.89GB 16.8s
#5 sha256:270433f0c742936ecd40c16dbad0fe14e76289cb40cbe9654ba796439a208c60 1.55GB / 1.89GB 17.7s
#5 sha256:270433f0c742936ecd40c16dbad0fe14e76289cb40cbe9654ba796439a208c60 1.65GB / 1.89GB 18.6s
#5 sha256:270433f0c742936ecd40c16dbad0fe14e76289cb40cbe9654ba796439a208c60 1.75GB / 1.89GB 19.5s
#5 sha256:270433f0c742936ecd40c16dbad0fe14e76289cb40cbe9654ba796439a208c60 1.85GB / 1.89GB 20.4s
#5 sha256:270433f0c742936ecd40c16dbad0fe14e76289cb40cbe9654ba796439a208c60 1.89GB / 1.89GB 21.5s done
#5 extracting sha256:270433f0c742936ecd40c16dbad0fe14e76289cb40cbe9654ba796439a208c60
#5 extracting sha256:270433f0c742936ecd40c16dbad0fe14e76289cb40cbe9654ba796439a208c60 22.4s done
#5 DONE 63.4s

#5 [1/6] FROM docker.io/kairin/jetc:nvcr-io-nvidia-pytorch-24.12-py3-igpu@sha256:e8d502d1ae388d2addc99b7d02cc320b1432deb3b9c207aa33cb50706323f0a6
#5 extracting sha256:7afbeaaf72f9aecf18a9d488260dd37784e6afaf29d524bee8578923feca0777 0.0s done
#5 extracting sha256:cec81371c46d1bb020081fe0d6f2fbbde80b2c7cdc8f5fcfae2ec20caccc7956 0.0s done
#5 extracting sha256:417ba785aa2ef82e0f7763b06b4baffbd0bfcf3a3cf6699d4ce440334e366d5a 0.0s done
#5 extracting sha256:1812e4fef829f09d370dc012a74d462dd975775147f2d7df3fc32d6601f081c8 0.0s done
#5 DONE 63.5s

#5 [1/6] FROM docker.io/kairin/jetc:nvcr-io-nvidia-pytorch-24.12-py3-igpu@sha256:e8d502d1ae388d2addc99b7d02cc320b1432deb3b9c207aa33cb50706323f0a6
#5 extracting sha256:fa43370883cb5c7815ce6e06796c92f51c7d9472d2ed157e4d61a836b8fc8fa1
#5 extracting sha256:fa43370883cb5c7815ce6e06796c92f51c7d9472d2ed157e4d61a836b8fc8fa1 1.5s done
#5 DONE 65.0s

#5 [1/6] FROM docker.io/kairin/jetc:nvcr-io-nvidia-pytorch-24.12-py3-igpu@sha256:e8d502d1ae388d2addc99b7d02cc320b1432deb3b9c207aa33cb50706323f0a6
#5 extracting sha256:be98e587cffbcbbbfbb689155b4047481606ce04f8fc4bc2d1db54c592a82ffc
#5 extracting sha256:be98e587cffbcbbbfbb689155b4047481606ce04f8fc4bc2d1db54c592a82ffc 1.7s done
#5 DONE 66.7s

#5 [1/6] FROM docker.io/kairin/jetc:nvcr-io-nvidia-pytorch-24.12-py3-igpu@sha256:e8d502d1ae388d2addc99b7d02cc320b1432deb3b9c207aa33cb50706323f0a6
#5 extracting sha256:94f60b2cd91826e665359118155fdd4b038e21a9763f01e9a2a3a8efb2b85606 0.0s done
#5 extracting sha256:6bbd8e6b0416e7e132f3eeceda678df36e6dd79ae13af1a17ceee058dae03093
#5 extracting sha256:6bbd8e6b0416e7e132f3eeceda678df36e6dd79ae13af1a17ceee058dae03093 1.4s done
#5 DONE 68.1s

#5 [1/6] FROM docker.io/kairin/jetc:nvcr-io-nvidia-pytorch-24.12-py3-igpu@sha256:e8d502d1ae388d2addc99b7d02cc320b1432deb3b9c207aa33cb50706323f0a6
#5 extracting sha256:c8e942f977e984ce4dadbd6c71584b0f4fcca8d2a939b70f3a680215465f97d1 0.0s done
#5 extracting sha256:4f4fb700ef54461cfa02571ae0db9a0dc1e0cdb5577484a6d75e68dc38e8acc1 0.0s done
#5 extracting sha256:215685878852fab252c5b3a46e6e3010cbb13fedc64989652ab909664c2a7959
#5 extracting sha256:215685878852fab252c5b3a46e6e3010cbb13fedc64989652ab909664c2a7959 1.7s done
#5 DONE 69.8s

#5 [1/6] FROM docker.io/kairin/jetc:nvcr-io-nvidia-pytorch-24.12-py3-igpu@sha256:e8d502d1ae388d2addc99b7d02cc320b1432deb3b9c207aa33cb50706323f0a6
#5 extracting sha256:4df6c69b4500387a230b506e94124506aa0c9e8a886728fbeb142dbf3d28120e
#5 extracting sha256:4df6c69b4500387a230b506e94124506aa0c9e8a886728fbeb142dbf3d28120e 0.3s done
#5 DONE 70.1s

#5 [1/6] FROM docker.io/kairin/jetc:nvcr-io-nvidia-pytorch-24.12-py3-igpu@sha256:e8d502d1ae388d2addc99b7d02cc320b1432deb3b9c207aa33cb50706323f0a6
#5 extracting sha256:57e496f4d9fb763a023bc1e27c530840ece1bfecca3c7153345dbd6f95257029
#5 extracting sha256:57e496f4d9fb763a023bc1e27c530840ece1bfecca3c7153345dbd6f95257029 1.4s done
#5 DONE 71.5s

#5 [1/6] FROM docker.io/kairin/jetc:nvcr-io-nvidia-pytorch-24.12-py3-igpu@sha256:e8d502d1ae388d2addc99b7d02cc320b1432deb3b9c207aa33cb50706323f0a6
#5 extracting sha256:5fe9ee90df4fab763d44024cd8f9de04d181ce1ab11c8edd906406f26ccd90ec
#5 extracting sha256:5fe9ee90df4fab763d44024cd8f9de04d181ce1ab11c8edd906406f26ccd90ec 0.2s done
#5 DONE 71.8s

#5 [1/6] FROM docker.io/kairin/jetc:nvcr-io-nvidia-pytorch-24.12-py3-igpu@sha256:e8d502d1ae388d2addc99b7d02cc320b1432deb3b9c207aa33cb50706323f0a6
#5 extracting sha256:6e4ad9289281d4480845528e7bfcd526c7e013d2ff6c58434071692f359e3ded
#5 extracting sha256:6e4ad9289281d4480845528e7bfcd526c7e013d2ff6c58434071692f359e3ded 0.2s done
#5 DONE 72.0s

#5 [1/6] FROM docker.io/kairin/jetc:nvcr-io-nvidia-pytorch-24.12-py3-igpu@sha256:e8d502d1ae388d2addc99b7d02cc320b1432deb3b9c207aa33cb50706323f0a6
#5 extracting sha256:b5e1d8d0075fe300f734fe9f376412410ca253d7fb0ba36b40dda707cb26fa89 0.0s done
#5 extracting sha256:fd2330f0761789e4e73fcaa2664f1693411f6811791d55b0fa011cc4c690e623
#5 extracting sha256:fd2330f0761789e4e73fcaa2664f1693411f6811791d55b0fa011cc4c690e623 31.6s done
#5 DONE 103.6s

#5 [1/6] FROM docker.io/kairin/jetc:nvcr-io-nvidia-pytorch-24.12-py3-igpu@sha256:e8d502d1ae388d2addc99b7d02cc320b1432deb3b9c207aa33cb50706323f0a6
#5 extracting sha256:0fe3fd2d5e3404c8ae8f72ab2467f10c6a858b16a2bbde9b41fd120ae4ece37e
#5 extracting sha256:0fe3fd2d5e3404c8ae8f72ab2467f10c6a858b16a2bbde9b41fd120ae4ece37e 6.4s done
#5 DONE 110.0s

#5 [1/6] FROM docker.io/kairin/jetc:nvcr-io-nvidia-pytorch-24.12-py3-igpu@sha256:e8d502d1ae388d2addc99b7d02cc320b1432deb3b9c207aa33cb50706323f0a6
#5 extracting sha256:122bfac0302db57dbed7ea64f8192eeb9c26011b2b927beab32b976581673a04
#5 extracting sha256:122bfac0302db57dbed7ea64f8192eeb9c26011b2b927beab32b976581673a04 3.6s done
#5 DONE 113.6s

#5 [1/6] FROM docker.io/kairin/jetc:nvcr-io-nvidia-pytorch-24.12-py3-igpu@sha256:e8d502d1ae388d2addc99b7d02cc320b1432deb3b9c207aa33cb50706323f0a6
#5 extracting sha256:4f4fb700ef54461cfa02571ae0db9a0dc1e0cdb5577484a6d75e68dc38e8acc1 0.0s done
#5 extracting sha256:6b42c39386b3cf6b1d28838d428d7ae6bd783b63d46a5beea99d4f20424c07c6 0.0s done
#5 extracting sha256:f20fbb91ce35fdb3c529fbbd19c8de9d5bc84945e86655764f3b1b73b1fb76f7 0.0s done
#5 extracting sha256:ab4f9c50fda8cb8ec49657048f9330e776e7c31c65ec93fccfe8a9d0986b8412
#5 extracting sha256:ab4f9c50fda8cb8ec49657048f9330e776e7c31c65ec93fccfe8a9d0986b8412 0.2s done
#5 DONE 113.9s

#5 [1/6] FROM docker.io/kairin/jetc:nvcr-io-nvidia-pytorch-24.12-py3-igpu@sha256:e8d502d1ae388d2addc99b7d02cc320b1432deb3b9c207aa33cb50706323f0a6
#5 extracting sha256:bc7c8c6c3e9fd75a7585dab91a217c7ffb947d83371e00b46f99be4d3e8abe23 0.0s done
#5 extracting sha256:1c794d827823578cab176c7c49e396d100904559399d293681efe5fd90720df4 0.0s done
#5 extracting sha256:cacccf90c641390ad5ed1b6c83564ca08c13d922e57d4c85aa6c98bc2614a916 0.0s done
#5 extracting sha256:c1ac6ce0a6c4e67f15175ccd2434444603a620df7cc24c9e9efbcc384d438dbe
#5 extracting sha256:c1ac6ce0a6c4e67f15175ccd2434444603a620df7cc24c9e9efbcc384d438dbe 0.4s done
#5 DONE 114.5s

#5 [1/6] FROM docker.io/kairin/jetc:nvcr-io-nvidia-pytorch-24.12-py3-igpu@sha256:e8d502d1ae388d2addc99b7d02cc320b1432deb3b9c207aa33cb50706323f0a6
#5 extracting sha256:af907d3264e322c81a1c3b24bcf14abd3eb17e2d0c90289fc950f23e1b706df5
#5 extracting sha256:af907d3264e322c81a1c3b24bcf14abd3eb17e2d0c90289fc950f23e1b706df5 11.8s done
#5 DONE 126.3s

#5 [1/6] FROM docker.io/kairin/jetc:nvcr-io-nvidia-pytorch-24.12-py3-igpu@sha256:e8d502d1ae388d2addc99b7d02cc320b1432deb3b9c207aa33cb50706323f0a6
#5 extracting sha256:7b69d1cf080fb38ac1b28c14d1ec4a2c345304fcc1d93f5c4035df73bad9c956 0.0s done
#5 extracting sha256:2646a19a5715342001f30b30a4bceccbcfc508b1706dd04822d8edff0611c42d 0.1s done
#5 extracting sha256:fce58900065e7146de396363ec2c5183b1d376972d74bae5d0f46838e7400403 0.1s done
#5 DONE 126.5s

#5 [1/6] FROM docker.io/kairin/jetc:nvcr-io-nvidia-pytorch-24.12-py3-igpu@sha256:e8d502d1ae388d2addc99b7d02cc320b1432deb3b9c207aa33cb50706323f0a6
#5 extracting sha256:4f4fb700ef54461cfa02571ae0db9a0dc1e0cdb5577484a6d75e68dc38e8acc1 0.0s done
#5 extracting sha256:e83dc40231c00dc52f4b1ebf814beb3602e00e28e30335542063e5aa3ee45be3 0.1s done
#5 DONE 126.6s

#5 [1/6] FROM docker.io/kairin/jetc:nvcr-io-nvidia-pytorch-24.12-py3-igpu@sha256:e8d502d1ae388d2addc99b7d02cc320b1432deb3b9c207aa33cb50706323f0a6
#5 extracting sha256:8af4afaf02abf60fb0b57fc8af9e8056199c507230af1d3f2477d17fa8722012 0.1s done
#5 extracting sha256:1e17e6489e725e7015304984449af292b924e8dda8c62c430c9818a419e7de7d
#5 extracting sha256:1e17e6489e725e7015304984449af292b924e8dda8c62c430c9818a419e7de7d 3.5s done
#5 DONE 130.2s

#5 [1/6] FROM docker.io/kairin/jetc:nvcr-io-nvidia-pytorch-24.12-py3-igpu@sha256:e8d502d1ae388d2addc99b7d02cc320b1432deb3b9c207aa33cb50706323f0a6
#5 extracting sha256:4f4fb700ef54461cfa02571ae0db9a0dc1e0cdb5577484a6d75e68dc38e8acc1 0.0s done
#5 extracting sha256:d3d360707c00e54223b27f436bea2451b276b5b72da6ce6e1f0ed49bfb30b364
#5 extracting sha256:d3d360707c00e54223b27f436bea2451b276b5b72da6ce6e1f0ed49bfb30b364 0.9s done
#5 DONE 131.1s

#5 [1/6] FROM docker.io/kairin/jetc:nvcr-io-nvidia-pytorch-24.12-py3-igpu@sha256:e8d502d1ae388d2addc99b7d02cc320b1432deb3b9c207aa33cb50706323f0a6
#5 extracting sha256:c6b61ed4355c5ab22418c6b9274c45b8de6852dd3c86452656bc9b54ab378bbc 0.0s done
#5 extracting sha256:b3671bc1fe6ae42f30a2203b53b0b49dea26cd30bac1f5c0b1b7f656ecf3a99f
#5 extracting sha256:b3671bc1fe6ae42f30a2203b53b0b49dea26cd30bac1f5c0b1b7f656ecf3a99f 6.5s done
#5 extracting sha256:2a6768fb22d3672f821e39c454b794abb07f4b8f3cbc720b94c7d4f844590ff2
#5 extracting sha256:4f4fb700ef54461cfa02571ae0db9a0dc1e0cdb5577484a6d75e68dc38e8acc1 0.0s done
#5 extracting sha256:2a6768fb22d3672f821e39c454b794abb07f4b8f3cbc720b94c7d4f844590ff2 0.0s done
#5 extracting sha256:4115192173b4167816125003724a8f2aee76d402774c19f4bda92d5a22cea0ba 0.0s done
#5 DONE 137.7s

#5 [1/6] FROM docker.io/kairin/jetc:nvcr-io-nvidia-pytorch-24.12-py3-igpu@sha256:e8d502d1ae388d2addc99b7d02cc320b1432deb3b9c207aa33cb50706323f0a6
#5 extracting sha256:3b335bd71bf7771c1d584c9a1088b53648f24eab7b3a35a1417e0026c8493f5b 0.0s done
#5 extracting sha256:0207977b8e337d1f3812749523d3f223a85bd34e51e5f1c6547ae105f87a1cda
#5 extracting sha256:0207977b8e337d1f3812749523d3f223a85bd34e51e5f1c6547ae105f87a1cda 0.4s done
#5 extracting sha256:71b4497e8560e18b3e5c6e0fa612dac19f8790cebdbac7b8edf5bbb17f1637fe
#5 extracting sha256:71b4497e8560e18b3e5c6e0fa612dac19f8790cebdbac7b8edf5bbb17f1637fe 0.4s done
#5 DONE 138.5s

#5 [1/6] FROM docker.io/kairin/jetc:nvcr-io-nvidia-pytorch-24.12-py3-igpu@sha256:e8d502d1ae388d2addc99b7d02cc320b1432deb3b9c207aa33cb50706323f0a6
#5 extracting sha256:9401dad3a60d4894e77d16035738051e236ae1ef7fac44fc3f84fe35c2513133 0.1s done
#5 DONE 138.6s

#5 [1/6] FROM docker.io/kairin/jetc:nvcr-io-nvidia-pytorch-24.12-py3-igpu@sha256:e8d502d1ae388d2addc99b7d02cc320b1432deb3b9c207aa33cb50706323f0a6
#5 extracting sha256:171ca931f427d3462c5533e38ef5fdaef36b9586cf9ae5411b44ccf62d8bfa88
#5 extracting sha256:171ca931f427d3462c5533e38ef5fdaef36b9586cf9ae5411b44ccf62d8bfa88 0.8s done
#5 DONE 139.4s

#5 [1/6] FROM docker.io/kairin/jetc:nvcr-io-nvidia-pytorch-24.12-py3-igpu@sha256:e8d502d1ae388d2addc99b7d02cc320b1432deb3b9c207aa33cb50706323f0a6
#5 extracting sha256:e6039fc467554b4c29cb6e20d6b3cbd8f3d84de0f2736aa2cb5f9c325079197d
#5 extracting sha256:e6039fc467554b4c29cb6e20d6b3cbd8f3d84de0f2736aa2cb5f9c325079197d 2.1s done
#5 DONE 141.5s

#5 [1/6] FROM docker.io/kairin/jetc:nvcr-io-nvidia-pytorch-24.12-py3-igpu@sha256:e8d502d1ae388d2addc99b7d02cc320b1432deb3b9c207aa33cb50706323f0a6
#5 extracting sha256:91a6014f18bfd4df0e4b3fc9f3c38fc7f2d0f8aaa43999b5a23e72f3d2c30692
#5 extracting sha256:91a6014f18bfd4df0e4b3fc9f3c38fc7f2d0f8aaa43999b5a23e72f3d2c30692 2.9s done
#5 extracting sha256:5e69c757ec050baa6bac140de96ea50a275054840c1eeab2775543e978807e51
#5 extracting sha256:5e69c757ec050baa6bac140de96ea50a275054840c1eeab2775543e978807e51 0.4s done
#5 DONE 144.9s

#5 [1/6] FROM docker.io/kairin/jetc:nvcr-io-nvidia-pytorch-24.12-py3-igpu@sha256:e8d502d1ae388d2addc99b7d02cc320b1432deb3b9c207aa33cb50706323f0a6
#5 extracting sha256:4f4fb700ef54461cfa02571ae0db9a0dc1e0cdb5577484a6d75e68dc38e8acc1 0.0s done
#5 extracting sha256:e7b515f1bc1c9756c09463872682db7a08fbee9c41322f1acb2bed88a6700433 0.0s done
#5 DONE 145.0s

#5 [1/6] FROM docker.io/kairin/jetc:nvcr-io-nvidia-pytorch-24.12-py3-igpu@sha256:e8d502d1ae388d2addc99b7d02cc320b1432deb3b9c207aa33cb50706323f0a6
#5 extracting sha256:27e863284e2bbf0e6d582cc95f0eaa25c21203bb71d606beeb13c9e3f2acdbbf 0.0s done
#5 extracting sha256:f82f6bad9d7e9f1ad142b852d7616aae1af3178787964e19ac5264a5e4210ecd 0.1s done
#5 DONE 145.1s

#6 [2/6] RUN touch /opt/list_app_checks.sh
#6 0.166 /bin/bash: warning: setlocale: LC_ALL: cannot change locale (en_US.UTF-8)
#6 DONE 1.9s

#7 [3/6] RUN set -ex     && apt-get update     && apt-get install -y --no-install-recommends         locales         locales-all         tzdata         build-essential         software-properties-common         apt-transport-https         ca-certificates         lsb-release         pkg-config         gnupg         git         git-lfs         gdb         wget         wget2         curl         nano         zip         unzip         time         sshpass         ssh-client         xfe         aptitude     && apt-get clean     && rm -rf /var/lib/apt/lists/*     && gcc --version     && g++ --version
#7 0.121 /bin/bash: warning: setlocale: LC_ALL: cannot change locale (en_US.UTF-8)
#7 0.143 + apt-get update
#7 0.545 Get:1 http://ports.ubuntu.com/ubuntu-ports noble InRelease [256 kB]
#7 1.433 Get:2 http://ports.ubuntu.com/ubuntu-ports noble-updates InRelease [126 kB]
#7 1.652 Get:3 http://ports.ubuntu.com/ubuntu-ports noble-backports InRelease [126 kB]
#7 1.869 Get:4 http://ports.ubuntu.com/ubuntu-ports noble-security InRelease [126 kB]
#7 2.092 Get:5 http://ports.ubuntu.com/ubuntu-ports noble/main arm64 Packages [1776 kB]
#7 2.704 Get:6 http://ports.ubuntu.com/ubuntu-ports noble/restricted arm64 Packages [113 kB]
#7 2.706 Get:7 http://ports.ubuntu.com/ubuntu-ports noble/multiverse arm64 Packages [274 kB]
#7 2.739 Get:8 http://ports.ubuntu.com/ubuntu-ports noble/universe arm64 Packages [19.0 MB]
#7 3.750 Get:9 http://ports.ubuntu.com/ubuntu-ports noble-updates/restricted arm64 Packages [1436 kB]
#7 3.817 Get:10 http://ports.ubuntu.com/ubuntu-ports noble-updates/universe arm64 Packages [1334 kB]
#7 3.884 Get:11 http://ports.ubuntu.com/ubuntu-ports noble-updates/multiverse arm64 Packages [20.9 kB]
#7 4.207 Get:12 http://ports.ubuntu.com/ubuntu-ports noble-updates/main arm64 Packages [1305 kB]
#7 5.447 Get:13 http://ports.ubuntu.com/ubuntu-ports noble-backports/main arm64 Packages [48.0 kB]
#7 5.451 Get:14 http://ports.ubuntu.com/ubuntu-ports noble-backports/universe arm64 Packages [31.8 kB]
#7 5.453 Get:15 http://ports.ubuntu.com/ubuntu-ports noble-security/universe arm64 Packages [1043 kB]
#7 5.918 Get:16 http://ports.ubuntu.com/ubuntu-ports noble-security/multiverse arm64 Packages [19.0 kB]
#7 5.919 Get:17 http://ports.ubuntu.com/ubuntu-ports noble-security/restricted arm64 Packages [1386 kB]
#7 6.236 Get:18 http://ports.ubuntu.com/ubuntu-ports noble-security/main arm64 Packages [989 kB]
#7 6.486 /bin/bash: warning: setlocale: LC_ALL: cannot change locale (en_US.UTF-8)
#7 6.506 Fetched 29.4 MB in 6s (4675 kB/s)
#7 6.506 Reading package lists...
#7 8.131 + apt-get install -y --no-install-recommends locales locales-all tzdata build-essential software-properties-common apt-transport-https ca-certificates lsb-release pkg-config gnupg git git-lfs gdb wget wget2 curl nano zip unzip time sshpass ssh-client xfe aptitude
#7 8.141 Reading package lists...
#7 9.716 Building dependency tree...
#7 10.19 Reading state information...
#7 11.08 build-essential is already the newest version (12.10ubuntu1).
#7 11.08 ca-certificates is already the newest version (20240203).
#7 11.08 pkg-config is already the newest version (1.8.1-2build1).
#7 11.08 wget is already the newest version (1.21.4-1ubuntu4.1).
#7 11.08 nano is already the newest version (7.2-2ubuntu0.1).
#7 11.08 unzip is already the newest version (6.0-28ubuntu4.1).
#7 11.08 The following additional packages will be installed:
#7 11.08   aptitude-common bsdutils dbus dbus-bin dbus-daemon dbus-session-bus-common
#7 11.08   dbus-system-bus-common dirmngr distro-info-data fontconfig-config
#7 11.08   fonts-dejavu-core fonts-dejavu-mono gir1.2-girepository-2.0 gir1.2-glib-2.0
#7 11.08   gir1.2-packagekitglib-1.0 git-man gnupg-utils gpg gpg-agent gpgconf gpgsm
#7 11.08   gpgv iso-codes keyboxd libapparmor1 libappstream5 libargon2-1 libbabeltrace1
#7 11.08   libblkid1 libboost-iostreams1.83.0 libc-bin libc-dev-bin libc6 libc6-dev
#7 11.08   libcap2 libcap2-bin libcryptsetup12 libcurl3t64-gnutls libcurl4-openssl-dev
#7 11.08   libcurl4t64 libcwidget4 libdbus-1-3 libdebuginfod-common libdebuginfod1t64
#7 11.08   libdeflate0 libdevmapper1.02.1 libdrm-amdgpu1 libdrm-common libdrm-radeon1
#7 11.08   libdrm2 libduktape207 libdw1t64 libelf1t64 libevent-2.1-7t64 libfdisk1
#7 11.08   libfontconfig1 libfox-1.6-0 libfreetype6 libgbm1 libgirepository-1.0-1
#7 11.08   libgl1 libgl1-mesa-dri libglapi-mesa libglib2.0-bin libglib2.0-data
#7 11.08   libglu1-mesa libglvnd0 libglx-mesa0 libglx0 libgnutls-dane0t64
#7 11.08   libgnutls30t64 libgpgme11t64 libgstreamer1.0-0 libicu74 libjbig0 libjson-c5
#7 11.08   libkmod2 liblerc4 libllvm19 liblz1 libmount1 libopengl0
#7 11.08   libpackagekit-glib2-18 libpam-systemd libpolkit-agent-1-0
#7 11.08   libpolkit-gobject-1-0 libsensors-config libsensors5 libsharpyuv0
#7 11.08   libsigc++-2.0-0v5 libsmartcols1 libsource-highlight-common
#7 11.08   libsource-highlight4t64 libstemmer0d libsystemd-shared libsystemd0 libtiff6
#7 11.08   libudev1 libunbound8 libunwind8 libuuid1 libvulkan1 libwayland-server0
#7 11.08   libwebp7 libwget2t64 libx11-6 libx11-data libx11-xcb1 libxapian30 libxau6
#7 11.08   libxcb-dri2-0 libxcb-dri3-0 libxcb-glx0 libxcb-present0 libxcb-randr0
#7 11.08   libxcb-shm0 libxcb-sync1 libxcb-util1 libxcb-xfixes0 libxcb1 libxcursor1
#7 11.08   libxdmcp6 libxext6 libxfixes3 libxft2 libxml2 libxmlb2 libxrender1
#7 11.08   libxshmfence1 libxxf86vm1 libyaml-0-2 mesa-libgallium mount packagekit
#7 11.08   polkitd python-apt-common python3-apt python3-blinker python3-cffi-backend
#7 11.08   python3-cryptography python3-dbus python3-distro python3-gi python3-httplib2
#7 11.08   python3-jwt python3-launchpadlib python3-lazr.restfulclient python3-lazr.uri
#7 11.08   python3-oauthlib python3-pkg-resources python3-pyparsing python3-six
#7 11.08   python3-software-properties python3-wadllib sgml-base systemd systemd-dev
#7 11.08   systemd-sysv ucf util-linux xfe-themes xml-core
#7 11.09 Suggested packages:
#7 11.09   apt-xapian-index aptitude-doc-en | aptitude-doc debtags tasksel
#7 11.09   default-dbus-session-bus | dbus-session-bus dbus-user-session
#7 11.09   pinentry-gnome3 tor gdb-doc gdbserver gettext-base git-daemon-run
#7 11.09   | git-daemon-sysvinit git-doc git-email git-gui gitk gitweb git-cvs
#7 11.09   git-mediawiki git-svn parcimonie xloadimage gpg-wks-server scdaemon isoquery
#7 11.09   manpages glibc-doc libnss-nis libnss-nisplus manpages-dev libcurl4-doc
#7 11.09   libidn-dev libkrb5-dev libldap2-dev librtmp-dev libssh2-1-dev libcwidget-dev
#7 11.09   dns-root-data gnutls-bin gstreamer1.0-tools cryptsetup-bin lm-sensors
#7 11.09   xapian-tools nfs-common keychain libpam-ssh monkeysphere ssh-askpass
#7 11.09   polkitd-pkla python-apt-doc python-blinker-doc python-cryptography-doc
#7 11.09   python3-cryptography-vectors python-dbus-doc python3-crypto python3-keyring
#7 11.09   python3-testresources python3-setuptools python-pyparsing-doc sgml-base-doc
#7 11.09   systemd-container systemd-homed systemd-userdbd systemd-boot libip4tc2
#7 11.09   libqrencode4 libtss2-esys-3.0.2-0 libtss2-mu-4.0.1-0 libtss2-rc0
#7 11.09   libtss2-tcti-device0 dosfstools kbd util-linux-extra util-linux-locales rpm
#7 11.09   parole | xine-ui gimp meld | diffuse xournalpp avidemux debhelper
#7 11.09 Recommended packages:
#7 11.09   bsdextrautils libc-dbg gnupg-l10n gpg-wks-client manpages manpages-dev
#7 11.09   libc-devtools libpam-cap dmsetup libgl1-amber-dri dbus-user-session
#7 11.09   uuid-runtime mesa-vulkan-drivers | vulkan-icd xauth appstream
#7 11.09   packagekit-tools unattended-upgrades networkd-dispatcher systemd-timesyncd
#7 11.09   | time-daemon systemd-resolved libnss-systemd xfe-i18n xterm xarchiver
#7 11.09   pkexec | policykit-1 unar audacious atril | qpdfview
#7 11.55 The following NEW packages will be installed:
#7 11.55   apt-transport-https aptitude aptitude-common dbus dbus-bin dbus-daemon
#7 11.55   dbus-session-bus-common dbus-system-bus-common distro-info-data
#7 11.55   fontconfig-config fonts-dejavu-core fonts-dejavu-mono gdb
#7 11.55   gir1.2-girepository-2.0 gir1.2-glib-2.0 gir1.2-packagekitglib-1.0 git-lfs
#7 11.56   iso-codes libapparmor1 libappstream5 libargon2-1 libbabeltrace1
#7 11.56   libboost-iostreams1.83.0 libcap2-bin libcryptsetup12 libcwidget4 libdbus-1-3
#7 11.56   libdebuginfod-common libdebuginfod1t64 libdeflate0 libdevmapper1.02.1
#7 11.56   libdrm-amdgpu1 libdrm-common libdrm-radeon1 libdrm2 libduktape207 libdw1t64
#7 11.56   libelf1t64 libevent-2.1-7t64 libfdisk1 libfontconfig1 libfox-1.6-0
#7 11.56   libfreetype6 libgbm1 libgirepository-1.0-1 libgl1 libgl1-mesa-dri
#7 11.56   libglapi-mesa libglib2.0-bin libglib2.0-data libglu1-mesa libglvnd0
#7 11.56   libglx-mesa0 libglx0 libgnutls-dane0t64 libgpgme11t64 libgstreamer1.0-0
#7 11.56   libicu74 libjbig0 libjson-c5 libkmod2 liblerc4 libllvm19 liblz1 libopengl0
#7 11.56   libpackagekit-glib2-18 libpam-systemd libpolkit-agent-1-0
#7 11.56   libpolkit-gobject-1-0 libsensors-config libsensors5 libsharpyuv0
#7 11.56   libsigc++-2.0-0v5 libsource-highlight-common libsource-highlight4t64
#7 11.56   libstemmer0d libsystemd-shared libtiff6 libunbound8 libunwind8 libvulkan1
#7 11.56   libwayland-server0 libwebp7 libwget2t64 libx11-6 libx11-data libx11-xcb1
#7 11.56   libxapian30 libxau6 libxcb-dri2-0 libxcb-dri3-0 libxcb-glx0 libxcb-present0
#7 11.56   libxcb-randr0 libxcb-shm0 libxcb-sync1 libxcb-util1 libxcb-xfixes0 libxcb1
#7 11.56   libxcursor1 libxdmcp6 libxext6 libxfixes3 libxft2 libxml2 libxmlb2
#7 11.56   libxrender1 libxshmfence1 libxxf86vm1 libyaml-0-2 locales locales-all
#7 11.56   lsb-release mesa-libgallium packagekit polkitd python-apt-common python3-apt
#7 11.56   python3-blinker python3-cffi-backend python3-cryptography python3-dbus
#7 11.56   python3-distro python3-gi python3-httplib2 python3-jwt python3-launchpadlib
#7 11.56   python3-lazr.restfulclient python3-lazr.uri python3-oauthlib
#7 11.56   python3-pkg-resources python3-pyparsing python3-six
#7 11.56   python3-software-properties python3-wadllib sgml-base
#7 11.56   software-properties-common sshpass systemd systemd-dev systemd-sysv time ucf
#7 11.56   wget2 xfe xfe-themes xml-core zip
#7 11.56 The following packages will be upgraded:
#7 11.56   bsdutils curl dirmngr git git-man gnupg gnupg-utils gpg gpg-agent gpgconf
#7 11.56   gpgsm gpgv keyboxd libblkid1 libc-bin libc-dev-bin libc6 libc6-dev libcap2
#7 11.56   libcurl3t64-gnutls libcurl4-openssl-dev libcurl4t64 libgnutls30t64 libmount1
#7 11.56   libsmartcols1 libsystemd0 libudev1 libuuid1 mount openssh-client tzdata
#7 11.56   util-linux
#7 11.98 32 upgraded, 148 newly installed, 0 to remove and 77 not upgraded.
#7 11.98 Need to get 118 MB of archives.
#7 11.98 After this operation, 607 MB of additional disk space will be used.
#7 11.98 Get:1 http://ports.ubuntu.com/ubuntu-ports noble-updates/main arm64 bsdutils arm64 1:2.39.3-9ubuntu6.2 [98.0 kB]
#7 12.62 Get:2 http://ports.ubuntu.com/ubuntu-ports noble-updates/main arm64 util-linux arm64 2.39.3-9ubuntu6.2 [1115 kB]
#7 13.25 Get:3 http://ports.ubuntu.com/ubuntu-ports noble-updates/main arm64 libc6-dev arm64 2.39-0ubuntu8.4 [1595 kB]
#7 13.45 Get:4 http://ports.ubuntu.com/ubuntu-ports noble-updates/main arm64 libc-dev-bin arm64 2.39-0ubuntu8.4 [19.7 kB]
#7 13.45 Get:5 http://ports.ubuntu.com/ubuntu-ports noble-updates/main arm64 libc6 arm64 2.39-0ubuntu8.4 [2775 kB]
#7 13.61 Get:6 http://ports.ubuntu.com/ubuntu-ports noble-updates/main arm64 libc-bin arm64 2.39-0ubuntu8.4 [591 kB]
#7 13.63 Get:7 http://ports.ubuntu.com/ubuntu-ports noble-updates/main arm64 mount arm64 2.39.3-9ubuntu6.2 [116 kB]
#7 13.63 Get:8 http://ports.ubuntu.com/ubuntu-ports noble-updates/main arm64 libapparmor1 arm64 4.0.1really4.0.1-0ubuntu0.24.04.3 [50.8 kB]
#7 13.63 Get:9 http://ports.ubuntu.com/ubuntu-ports noble/main arm64 libargon2-1 arm64 0~20190702+dfsg-4build1 [20.5 kB]
#7 13.64 Get:10 http://ports.ubuntu.com/ubuntu-ports noble-updates/main arm64 libblkid1 arm64 2.39.3-9ubuntu6.2 [123 kB]
#7 13.64 Get:11 http://ports.ubuntu.com/ubuntu-ports noble-updates/main arm64 libcap2 arm64 1:2.66-5ubuntu2.2 [30.5 kB]
#7 13.97 Get:12 http://ports.ubuntu.com/ubuntu-ports noble-updates/main arm64 libudev1 arm64 255.4-1ubuntu8.6 [174 kB]
#7 14.76 Get:13 http://ports.ubuntu.com/ubuntu-ports noble-updates/main arm64 libdevmapper1.02.1 arm64 2:1.02.185-3ubuntu3.2 [128 kB]
#7 14.85 Get:14 http://ports.ubuntu.com/ubuntu-ports noble/main arm64 libjson-c5 arm64 0.17-1build1 [36.4 kB]
#7 14.88 Get:15 http://ports.ubuntu.com/ubuntu-ports noble-updates/main arm64 libuuid1 arm64 2.39.3-9ubuntu6.2 [35.7 kB]
#7 14.93 Get:16 http://ports.ubuntu.com/ubuntu-ports noble-updates/main arm64 libcryptsetup12 arm64 2:2.7.0-1ubuntu4.2 [261 kB]
#7 15.09 Get:17 http://ports.ubuntu.com/ubuntu-ports noble-updates/main arm64 libfdisk1 arm64 2.39.3-9ubuntu6.2 [142 kB]
#7 15.13 Get:18 http://ports.ubuntu.com/ubuntu-ports noble-updates/main arm64 libkmod2 arm64 31+20240202-2ubuntu7.1 [51.9 kB]
#7 15.14 Get:19 http://ports.ubuntu.com/ubuntu-ports noble-updates/main arm64 libmount1 arm64 2.39.3-9ubuntu6.2 [133 kB]
#7 15.18 Get:20 http://ports.ubuntu.com/ubuntu-ports noble-updates/main arm64 libsystemd-shared arm64 255.4-1ubuntu8.6 [2018 kB]
#7 15.46 Get:21 http://ports.ubuntu.com/ubuntu-ports noble-updates/main arm64 libsystemd0 arm64 255.4-1ubuntu8.6 [425 kB]
#7 15.50 Get:22 http://ports.ubuntu.com/ubuntu-ports noble-updates/main arm64 systemd-dev all 255.4-1ubuntu8.6 [104 kB]
#7 15.82 Get:23 http://ports.ubuntu.com/ubuntu-ports noble-updates/main arm64 systemd arm64 255.4-1ubuntu8.6 [3404 kB]
#7 17.28 Get:24 http://ports.ubuntu.com/ubuntu-ports noble-updates/main arm64 systemd-sysv arm64 255.4-1ubuntu8.6 [11.9 kB]
#7 17.28 Get:25 http://ports.ubuntu.com/ubuntu-ports noble/main arm64 ucf all 3.0043+nmu1 [56.5 kB]
#7 17.28 Get:26 http://ports.ubuntu.com/ubuntu-ports noble-updates/main arm64 libdebuginfod-common all 0.190-1.1ubuntu0.1 [14.6 kB]
#7 17.28 Get:27 http://ports.ubuntu.com/ubuntu-ports noble/main arm64 sgml-base all 1.31 [11.4 kB]
#7 17.28 Get:28 http://ports.ubuntu.com/ubuntu-ports noble-updates/main arm64 libsmartcols1 arm64 2.39.3-9ubuntu6.2 [64.7 kB]
#7 17.29 Get:29 http://ports.ubuntu.com/ubuntu-ports noble-updates/main arm64 dirmngr arm64 2.4.4-2ubuntu17.2 [316 kB]
#7 17.44 Get:30 http://ports.ubuntu.com/ubuntu-ports noble-updates/main arm64 gnupg-utils arm64 2.4.4-2ubuntu17.2 [106 kB]
#7 17.44 Get:31 http://ports.ubuntu.com/ubuntu-ports noble-updates/main arm64 gpgsm arm64 2.4.4-2ubuntu17.2 [225 kB]
#7 17.59 Get:32 http://ports.ubuntu.com/ubuntu-ports noble-updates/main arm64 gpg-agent arm64 2.4.4-2ubuntu17.2 [221 kB]
#7 17.60 Get:33 http://ports.ubuntu.com/ubuntu-ports noble-updates/main arm64 gpg arm64 2.4.4-2ubuntu17.2 [549 kB]
#7 18.07 Get:34 http://ports.ubuntu.com/ubuntu-ports noble-updates/main arm64 gpgconf arm64 2.4.4-2ubuntu17.2 [103 kB]
#7 18.73 Get:35 http://ports.ubuntu.com/ubuntu-ports noble-updates/main arm64 gnupg all 2.4.4-2ubuntu17.2 [359 kB]
#7 19.09 Get:36 http://ports.ubuntu.com/ubuntu-ports noble-updates/main arm64 keyboxd arm64 2.4.4-2ubuntu17.2 [75.9 kB]
#7 19.12 Get:37 http://ports.ubuntu.com/ubuntu-ports noble-updates/main arm64 libgnutls30t64 arm64 3.8.3-1.1ubuntu3.3 [945 kB]
#7 19.37 Get:38 http://ports.ubuntu.com/ubuntu-ports noble-updates/main arm64 gpgv arm64 2.4.4-2ubuntu17.2 [150 kB]
#7 19.40 Get:39 http://ports.ubuntu.com/ubuntu-ports noble-updates/main arm64 libdbus-1-3 arm64 1.14.10-4ubuntu4.1 [210 kB]
#7 19.43 Get:40 http://ports.ubuntu.com/ubuntu-ports noble-updates/main arm64 dbus-bin arm64 1.14.10-4ubuntu4.1 [38.8 kB]
#7 19.43 Get:41 http://ports.ubuntu.com/ubuntu-ports noble-updates/main arm64 dbus-session-bus-common all 1.14.10-4ubuntu4.1 [80.5 kB]
#7 19.44 Get:42 http://ports.ubuntu.com/ubuntu-ports noble-updates/main arm64 dbus-daemon arm64 1.14.10-4ubuntu4.1 [115 kB]
#7 19.45 Get:43 http://ports.ubuntu.com/ubuntu-ports noble-updates/main arm64 dbus-system-bus-common all 1.14.10-4ubuntu4.1 [81.6 kB]
#7 19.46 Get:44 http://ports.ubuntu.com/ubuntu-ports noble-updates/main arm64 dbus arm64 1.14.10-4ubuntu4.1 [23.9 kB]
#7 19.79 Get:45 http://ports.ubuntu.com/ubuntu-ports noble-updates/main arm64 distro-info-data all 0.60ubuntu0.2 [6590 B]
#7 19.96 Get:46 http://ports.ubuntu.com/ubuntu-ports noble-updates/main arm64 gir1.2-glib-2.0 arm64 2.80.0-6ubuntu3.2 [182 kB]
==== STAGE: 19-bitsandbytes END: Wed Apr 23 04:13:29 +08 2025 [Exit: 130] ====
Continuing with next build...
Setting build stage to: 19-bitsandbytes
==== EXECUTING: build_folder_image build/01-01-00-protobuf_apt n linux/arm64 n n kairin/jetc:nvcr-io-nvidia-pytorch-24.12-py3-igpu kairin jetc  ====
==== STAGE: 19-bitsandbytes START: Wed Apr 23 04:13:29 +08 2025 ====
kairin/jetc:01-01-00-protobuf_apt
--------------------------------------------------
Building image from folder: build/01-01-00-protobuf_apt
Image Name: 01-01-00-protobuf_apt
Platform: linux/arm64
Tag: kairin/jetc:01-01-00-protobuf_apt
Base Image (FROM via ARG): kairin/jetc:nvcr-io-nvidia-pytorch-24.12-py3-igpu
Skip Intermediate Push/Pull: n
--------------------------------------------------
Using --no-cache
Using --push
Running Build Command:
docker buildx build --platform linux/arm64 -t kairin/jetc:01-01-00-protobuf_apt --build-arg BASE_IMAGE=kairin/jetc:nvcr-io-nvidia-pytorch-24.12-py3-igpu --no-cache --push build/01-01-00-protobuf_apt
#0 building with "jetson-builder" instance using docker-container driver

#1 [internal] load build definition from Dockerfile
#1 transferring dockerfile: 2.77kB done
#1 WARN: RedundantTargetPlatform: Setting platform to predefined $TARGETPLATFORM in FROM is redundant as this is the default behavior (line 32)
#1 DONE 0.0s

#2 [internal] load metadata for docker.io/kairin/jetc:nvcr-io-nvidia-pytorch-24.12-py3-igpu
#2 DONE 0.8s

#3 [internal] load .dockerignore
#3 transferring context:
==== STAGE: 19-bitsandbytes END: Wed Apr 23 04:13:30 +08 2025 [Exit: 130] ====
Continuing with next build...
Setting build stage to: 19-bitsandbytes
==== EXECUTING: build_folder_image build/01-01-00-protobuf_cpp n linux/arm64 n n kairin/jetc:nvcr-io-nvidia-pytorch-24.12-py3-igpu kairin jetc  ====
==== STAGE: 19-bitsandbytes START: Wed Apr 23 04:13:30 +08 2025 ====
kairin/jetc:01-01-00-protobuf_cpp
--------------------------------------------------
Building image from folder: build/01-01-00-protobuf_cpp
Image Name: 01-01-00-protobuf_cpp
Platform: linux/arm64
Tag: kairin/jetc:01-01-00-protobuf_cpp
Base Image (FROM via ARG): kairin/jetc:nvcr-io-nvidia-pytorch-24.12-py3-igpu
Skip Intermediate Push/Pull: n
--------------------------------------------------
Using --no-cache
Using --push
Running Build Command:
docker buildx build --platform linux/arm64 -t kairin/jetc:01-01-00-protobuf_cpp --build-arg BASE_IMAGE=kairin/jetc:nvcr-io-nvidia-pytorch-24.12-py3-igpu --no-cache --push build/01-01-00-protobuf_cpp
#0 building with "jetson-builder" instance using docker-container driver

#1 [internal] load build definition from Dockerfile
#1 transferring dockerfile: 30B
==== STAGE: 19-bitsandbytes END: Wed Apr 23 04:13:31 +08 2025 [Exit: 130] ====
Continuing with next build...
Setting build stage to: 19-bitsandbytes
==== EXECUTING: build_folder_image build/01-01-arrow n linux/arm64 n n kairin/jetc:nvcr-io-nvidia-pytorch-24.12-py3-igpu kairin jetc  ====
==== STAGE: 19-bitsandbytes START: Wed Apr 23 04:13:31 +08 2025 ====
kairin/jetc:01-01-arrow
--------------------------------------------------
Building image from folder: build/01-01-arrow
Image Name: 01-01-arrow
Platform: linux/arm64
Tag: kairin/jetc:01-01-arrow
Base Image (FROM via ARG): kairin/jetc:nvcr-io-nvidia-pytorch-24.12-py3-igpu
Skip Intermediate Push/Pull: n
--------------------------------------------------
Found .buildargs file: build/01-01-arrow/.buildargs
  Adding build arg: --build-arg ARROW_BRANCH="apache-arrow-16.1.0"
Using --no-cache
Using --push
Running Build Command:
docker buildx build --platform linux/arm64 -t kairin/jetc:01-01-arrow --build-arg BASE_IMAGE=kairin/jetc:nvcr-io-nvidia-pytorch-24.12-py3-igpu --build-arg ARROW_BRANCH="apache-arrow-16.1.0" --no-cache --push build/01-01-arrow
==== STAGE: 19-bitsandbytes END: Wed Apr 23 04:13:31 +08 2025 [Exit: 130] ====
Continuing with next build...
Setting build stage to: 19-bitsandbytes
==== EXECUTING: build_folder_image build/01-02-numba n linux/arm64 n n kairin/jetc:nvcr-io-nvidia-pytorch-24.12-py3-igpu kairin jetc  ====
==== STAGE: 19-bitsandbytes START: Wed Apr 23 04:13:31 +08 2025 ====
kairin/jetc:01-02-numba
--------------------------------------------------
Building image from folder: build/01-02-numba
Image Name: 01-02-numba
Platform: linux/arm64
Tag: kairin/jetc:01-02-numba
Base Image (FROM via ARG): kairin/jetc:nvcr-io-nvidia-pytorch-24.12-py3-igpu
Skip Intermediate Push/Pull: n
--------------------------------------------------
Using --no-cache
Using --push
Running Build Command:
docker buildx build --platform linux/arm64 -t kairin/jetc:01-02-numba --build-arg BASE_IMAGE=kairin/jetc:nvcr-io-nvidia-pytorch-24.12-py3-igpu --no-cache --push build/01-02-numba
#0 building with "jetson-builder" instance using docker-container driver

#1 [internal] load build definition from Dockerfile
#1 transferring dockerfile: 3.75kB done
#1 DONE 0.1s

#2 [internal] load metadata for docker.io/kairin/jetc:nvcr-io-nvidia-pytorch-24.12-py3-igpu
#2 DONE 0.8s

#3 [internal] load .dockerignore
#3 transferring context: 2B done
#3 DONE 0.1s

#4 [1/6] FROM docker.io/kairin/jetc:nvcr-io-nvidia-pytorch-24.12-py3-igpu@sha256:e8d502d1ae388d2addc99b7d02cc320b1432deb3b9c207aa33cb50706323f0a6
#4 resolve docker.io/kairin/jetc:nvcr-io-nvidia-pytorch-24.12-py3-igpu@sha256:e8d502d1ae388d2addc99b7d02cc320b1432deb3b9c207aa33cb50706323f0a6 0.0s done
==== STAGE: 19-bitsandbytes END: Wed Apr 23 04:13:34 +08 2025 [Exit: 130] ====
Continuing with next build...
Setting build stage to: 19-bitsandbytes
==== EXECUTING: build_folder_image build/01-03-numpy n linux/arm64 n n kairin/jetc:nvcr-io-nvidia-pytorch-24.12-py3-igpu kairin jetc  ====
==== STAGE: 19-bitsandbytes START: Wed Apr 23 04:13:34 +08 2025 ====
kairin/jetc:01-03-numpy
--------------------------------------------------
Building image from folder: build/01-03-numpy
Image Name: 01-03-numpy
Platform: linux/arm64
Tag: kairin/jetc:01-03-numpy
Base Image (FROM via ARG): kairin/jetc:nvcr-io-nvidia-pytorch-24.12-py3-igpu
Skip Intermediate Push/Pull: n
--------------------------------------------------
Using --no-cache
Using --push
Running Build Command:
docker buildx build --platform linux/arm64 -t kairin/jetc:01-03-numpy --build-arg BASE_IMAGE=kairin/jetc:nvcr-io-nvidia-pytorch-24.12-py3-igpu --no-cache --push build/01-03-numpy
#0 building with "jetson-builder" instance using docker-container driver

#1 [internal] load build definition from Dockerfile
#1 transferring dockerfile:
#1 transferring dockerfile: 3.02kB done
#1 WARN: RedundantTargetPlatform: Setting platform to predefined $TARGETPLATFORM in FROM is redundant as this is the default behavior (line 22)
#1 DONE 0.2s

#2 [internal] load metadata for docker.io/kairin/jetc:nvcr-io-nvidia-pytorch-24.12-py3-igpu
#2 DONE 0.3s
==== STAGE: 19-bitsandbytes END: Wed Apr 23 04:13:35 +08 2025 [Exit: 130] ====
Continuing with next build...
Setting build stage to: 19-bitsandbytes
==== EXECUTING: build_folder_image build/01-04-cuda n linux/arm64 n n kairin/jetc:nvcr-io-nvidia-pytorch-24.12-py3-igpu kairin jetc  ====
==== STAGE: 19-bitsandbytes START: Wed Apr 23 04:13:35 +08 2025 ====
kairin/jetc:01-04-cuda
--------------------------------------------------
Building image from folder: build/01-04-cuda
Image Name: 01-04-cuda
Platform: linux/arm64
Tag: kairin/jetc:01-04-cuda
Base Image (FROM via ARG): kairin/jetc:nvcr-io-nvidia-pytorch-24.12-py3-igpu
Skip Intermediate Push/Pull: n
--------------------------------------------------
Using --no-cache
Using --push
Running Build Command:
docker buildx build --platform linux/arm64 -t kairin/jetc:01-04-cuda --build-arg BASE_IMAGE=kairin/jetc:nvcr-io-nvidia-pytorch-24.12-py3-igpu --no-cache --push build/01-04-cuda
==== STAGE: 19-bitsandbytes END: Wed Apr 23 04:13:35 +08 2025 [Exit: 130] ====
Continuing with next build...
Setting build stage to: 19-bitsandbytes
==== EXECUTING: build_folder_image build/01-05-h5py n linux/arm64 n n kairin/jetc:nvcr-io-nvidia-pytorch-24.12-py3-igpu kairin jetc  ====
==== STAGE: 19-bitsandbytes START: Wed Apr 23 04:13:35 +08 2025 ====
kairin/jetc:01-05-h5py
--------------------------------------------------
Building image from folder: build/01-05-h5py
Image Name: 01-05-h5py
Platform: linux/arm64
Tag: kairin/jetc:01-05-h5py
Base Image (FROM via ARG): kairin/jetc:nvcr-io-nvidia-pytorch-24.12-py3-igpu
Skip Intermediate Push/Pull: n
--------------------------------------------------
Using --no-cache
Using --push
Running Build Command:
docker buildx build --platform linux/arm64 -t kairin/jetc:01-05-h5py --build-arg BASE_IMAGE=kairin/jetc:nvcr-io-nvidia-pytorch-24.12-py3-igpu --no-cache --push build/01-05-h5py
==== STAGE: 19-bitsandbytes END: Wed Apr 23 04:13:35 +08 2025 [Exit: 130] ====
Continuing with next build...
Setting build stage to: 19-bitsandbytes
==== EXECUTING: build_folder_image build/02-bazel n linux/arm64 n n kairin/jetc:nvcr-io-nvidia-pytorch-24.12-py3-igpu kairin jetc  ====
==== STAGE: 19-bitsandbytes START: Wed Apr 23 04:13:35 +08 2025 ====
kairin/jetc:02-bazel
--------------------------------------------------
Building image from folder: build/02-bazel
Image Name: 02-bazel
Platform: linux/arm64
Tag: kairin/jetc:02-bazel
Base Image (FROM via ARG): kairin/jetc:nvcr-io-nvidia-pytorch-24.12-py3-igpu
Skip Intermediate Push/Pull: n
--------------------------------------------------
Using --no-cache
Using --push
Running Build Command:
docker buildx build --platform linux/arm64 -t kairin/jetc:02-bazel --build-arg BASE_IMAGE=kairin/jetc:nvcr-io-nvidia-pytorch-24.12-py3-igpu --no-cache --push build/02-bazel
#0 building with "jetson-builder" instance using docker-container driver

#1 [internal] load build definition from Dockerfile
#1 transferring dockerfile: 2.29kB 0.0s done
#1 WARN: RedundantTargetPlatform: Setting platform to predefined $TARGETPLATFORM in FROM is redundant as this is the default behavior (line 32)
#1 DONE 0.1s

#2 [internal] load metadata for docker.io/kairin/jetc:nvcr-io-nvidia-pytorch-24.12-py3-igpu
#2 DONE 0.3s

#3 [internal] load .dockerignore
#3 transferring context: 2B done
#3 DONE 0.1s

#4 [1/5] FROM docker.io/kairin/jetc:nvcr-io-nvidia-pytorch-24.12-py3-igpu@sha256:e8d502d1ae388d2addc99b7d02cc320b1432deb3b9c207aa33cb50706323f0a6
#4 resolve docker.io/kairin/jetc:nvcr-io-nvidia-pytorch-24.12-py3-igpu@sha256:e8d502d1ae388d2addc99b7d02cc320b1432deb3b9c207aa33cb50706323f0a6 0.0s done
#4 DONE 2.6s

#4 [1/5] FROM docker.io/kairin/jetc:nvcr-io-nvidia-pytorch-24.12-py3-igpu@sha256:e8d502d1ae388d2addc99b7d02cc320b1432deb3b9c207aa33cb50706323f0a6
#4 sha256:f82f6bad9d7e9f1ad142b852d7616aae1af3178787964e19ac5264a5e4210ecd 0B / 24.31kB 0.2s
#4 sha256:27e863284e2bbf0e6d582cc95f0eaa25c21203bb71d606beeb13c9e3f2acdbbf 0B / 502B 0.2s
#4 sha256:e7b515f1bc1c9756c09463872682db7a08fbee9c41322f1acb2bed88a6700433 0B / 12.06kB 0.2s
#4 sha256:5e69c757ec050baa6bac140de96ea50a275054840c1eeab2775543e978807e51 0B / 14.95MB 0.2s
#4 sha256:f82f6bad9d7e9f1ad142b852d7616aae1af3178787964e19ac5264a5e4210ecd 24.31kB / 24.31kB 0.4s done
#4 sha256:27e863284e2bbf0e6d582cc95f0eaa25c21203bb71d606beeb13c9e3f2acdbbf 502B / 502B 0.5s done
#4 sha256:91a6014f18bfd4df0e4b3fc9f3c38fc7f2d0f8aaa43999b5a23e72f3d2c30692 0B / 114.48MB 0.2s
#4 sha256:e7b515f1bc1c9756c09463872682db7a08fbee9c41322f1acb2bed88a6700433 12.06kB / 12.06kB 0.7s done
#4 sha256:e6039fc467554b4c29cb6e20d6b3cbd8f3d84de0f2736aa2cb5f9c325079197d 0B / 61.43MB 0.3s
#4 sha256:171ca931f427d3462c5533e38ef5fdaef36b9586cf9ae5411b44ccf62d8bfa88 0B / 23.12MB 0.2s
#4 sha256:5e69c757ec050baa6bac140de96ea50a275054840c1eeab2775543e978807e51 14.95MB / 14.95MB 0.9s done
#4 sha256:91a6014f18bfd4df0e4b3fc9f3c38fc7f2d0f8aaa43999b5a23e72f3d2c30692 12.58MB / 114.48MB 0.8s
#4 sha256:e6039fc467554b4c29cb6e20d6b3cbd8f3d84de0f2736aa2cb5f9c325079197d 7.34MB / 61.43MB 0.8s
#4 sha256:171ca931f427d3462c5533e38ef5fdaef36b9586cf9ae5411b44ccf62d8bfa88 3.15MB / 23.12MB 0.5s
#4 sha256:9401dad3a60d4894e77d16035738051e236ae1ef7fac44fc3f84fe35c2513133 0B / 1.72MB 0.2s
#4 sha256:91a6014f18bfd4df0e4b3fc9f3c38fc7f2d0f8aaa43999b5a23e72f3d2c30692 18.87MB / 114.48MB 0.9s
#4 sha256:e6039fc467554b4c29cb6e20d6b3cbd8f3d84de0f2736aa2cb5f9c325079197d 13.63MB / 61.43MB 0.9s
#4 sha256:171ca931f427d3462c5533e38ef5fdaef36b9586cf9ae5411b44ccf62d8bfa88 9.44MB / 23.12MB 0.6s
#4 sha256:91a6014f18bfd4df0e4b3fc9f3c38fc7f2d0f8aaa43999b5a23e72f3d2c30692 25.17MB / 114.48MB 1.1s
#4 sha256:171ca931f427d3462c5533e38ef5fdaef36b9586cf9ae5411b44ccf62d8bfa88 14.68MB / 23.12MB 0.8s
#4 sha256:9401dad3a60d4894e77d16035738051e236ae1ef7fac44fc3f84fe35c2513133 1.72MB / 1.72MB 0.6s done
#4 sha256:e6039fc467554b4c29cb6e20d6b3cbd8f3d84de0f2736aa2cb5f9c325079197d 18.87MB / 61.43MB 1.1s
#4 sha256:171ca931f427d3462c5533e38ef5fdaef36b9586cf9ae5411b44ccf62d8bfa88 23.12MB / 23.12MB 0.9s done
#4 sha256:91a6014f18bfd4df0e4b3fc9f3c38fc7f2d0f8aaa43999b5a23e72f3d2c30692 36.70MB / 114.48MB 1.4s
#4 sha256:e6039fc467554b4c29cb6e20d6b3cbd8f3d84de0f2736aa2cb5f9c325079197d 27.26MB / 61.43MB 1.2s
#4 sha256:71b4497e8560e18b3e5c6e0fa612dac19f8790cebdbac7b8edf5bbb17f1637fe 0B / 30.27MB 0.3s
#4 sha256:3b335bd71bf7771c1d584c9a1088b53648f24eab7b3a35a1417e0026c8493f5b 0B / 1.11kB 0.2s
#4 sha256:e6039fc467554b4c29cb6e20d6b3cbd8f3d84de0f2736aa2cb5f9c325079197d 36.70MB / 61.43MB 1.4s
#4 sha256:3b335bd71bf7771c1d584c9a1088b53648f24eab7b3a35a1417e0026c8493f5b 1.11kB / 1.11kB 0.3s done
#4 sha256:91a6014f18bfd4df0e4b3fc9f3c38fc7f2d0f8aaa43999b5a23e72f3d2c30692 48.23MB / 114.48MB 1.7s
#4 sha256:e6039fc467554b4c29cb6e20d6b3cbd8f3d84de0f2736aa2cb5f9c325079197d 44.04MB / 61.43MB 1.5s
#4 sha256:71b4497e8560e18b3e5c6e0fa612dac19f8790cebdbac7b8edf5bbb17f1637fe 5.24MB / 30.27MB 0.5s
#4 sha256:0207977b8e337d1f3812749523d3f223a85bd34e51e5f1c6547ae105f87a1cda 0B / 30.13MB 0.2s
#4 sha256:e6039fc467554b4c29cb6e20d6b3cbd8f3d84de0f2736aa2cb5f9c325079197d 50.33MB / 61.43MB 1.7s
#4 sha256:71b4497e8560e18b3e5c6e0fa612dac19f8790cebdbac7b8edf5bbb17f1637fe 11.53MB / 30.27MB 0.6s
#4 sha256:91a6014f18bfd4df0e4b3fc9f3c38fc7f2d0f8aaa43999b5a23e72f3d2c30692 57.67MB / 114.48MB 2.0s
#4 sha256:e6039fc467554b4c29cb6e20d6b3cbd8f3d84de0f2736aa2cb5f9c325079197d 56.62MB / 61.43MB 1.8s
#4 sha256:71b4497e8560e18b3e5c6e0fa612dac19f8790cebdbac7b8edf5bbb17f1637fe 17.83MB / 30.27MB 0.8s
#4 sha256:0207977b8e337d1f3812749523d3f223a85bd34e51e5f1c6547ae105f87a1cda 4.19MB / 30.13MB 0.5s
#4 sha256:e6039fc467554b4c29cb6e20d6b3cbd8f3d84de0f2736aa2cb5f9c325079197d 61.43MB / 61.43MB 2.0s done
#4 sha256:0207977b8e337d1f3812749523d3f223a85bd34e51e5f1c6547ae105f87a1cda 10.49MB / 30.13MB 0.6s
#4 sha256:91a6014f18bfd4df0e4b3fc9f3c38fc7f2d0f8aaa43999b5a23e72f3d2c30692 68.16MB / 114.48MB 2.3s
#4 sha256:71b4497e8560e18b3e5c6e0fa612dac19f8790cebdbac7b8edf5bbb17f1637fe 30.27MB / 30.27MB 1.2s done
#4 sha256:4115192173b4167816125003724a8f2aee76d402774c19f4bda92d5a22cea0ba 0B / 1.12kB 0.2s
#4 sha256:91a6014f18bfd4df0e4b3fc9f3c38fc7f2d0f8aaa43999b5a23e72f3d2c30692 75.50MB / 114.48MB 2.4s
#4 sha256:0207977b8e337d1f3812749523d3f223a85bd34e51e5f1c6547ae105f87a1cda 16.78MB / 30.13MB 0.8s
#4 sha256:4115192173b4167816125003724a8f2aee76d402774c19f4bda92d5a22cea0ba 1.12kB / 1.12kB 0.3s done
#4 sha256:0207977b8e337d1f3812749523d3f223a85bd34e51e5f1c6547ae105f87a1cda 30.13MB / 30.13MB 1.0s done
#4 sha256:2a6768fb22d3672f821e39c454b794abb07f4b8f3cbc720b94c7d4f844590ff2 0B / 73.69kB 0.2s
#4 sha256:b3671bc1fe6ae42f30a2203b53b0b49dea26cd30bac1f5c0b1b7f656ecf3a99f 0B / 59.90MB 0.2s
#4 sha256:91a6014f18bfd4df0e4b3fc9f3c38fc7f2d0f8aaa43999b5a23e72f3d2c30692 83.89MB / 114.48MB 2.6s
#4 sha256:2a6768fb22d3672f821e39c454b794abb07f4b8f3cbc720b94c7d4f844590ff2 73.69kB / 73.69kB 0.3s done
#4 sha256:91a6014f18bfd4df0e4b3fc9f3c38fc7f2d0f8aaa43999b5a23e72f3d2c30692 97.52MB / 114.48MB 2.7s
#4 sha256:b3671bc1fe6ae42f30a2203b53b0b49dea26cd30bac1f5c0b1b7f656ecf3a99f 9.44MB / 59.90MB 0.5s
#4 sha256:c6b61ed4355c5ab22418c6b9274c45b8de6852dd3c86452656bc9b54ab378bbc 0B / 1.12kB 0.2s
#4 sha256:d3d360707c00e54223b27f436bea2451b276b5b72da6ce6e1f0ed49bfb30b364 0B / 21.85MB 0.2s
#4 sha256:91a6014f18bfd4df0e4b3fc9f3c38fc7f2d0f8aaa43999b5a23e72f3d2c30692 104.86MB / 114.48MB 2.9s
#4 sha256:b3671bc1fe6ae42f30a2203b53b0b49dea26cd30bac1f5c0b1b7f656ecf3a99f 16.78MB / 59.90MB 0.6s
#4 sha256:c6b61ed4355c5ab22418c6b9274c45b8de6852dd3c86452656bc9b54ab378bbc 1.12kB / 1.12kB 0.3s done
#4 sha256:b3671bc1fe6ae42f30a2203b53b0b49dea26cd30bac1f5c0b1b7f656ecf3a99f 23.07MB / 59.90MB 0.8s
#4 sha256:d3d360707c00e54223b27f436bea2451b276b5b72da6ce6e1f0ed49bfb30b364 6.29MB / 21.85MB 0.5s
#4 sha256:1e17e6489e725e7015304984449af292b924e8dda8c62c430c9818a419e7de7d 0B / 234.79MB 0.2s
#4 sha256:91a6014f18bfd4df0e4b3fc9f3c38fc7f2d0f8aaa43999b5a23e72f3d2c30692 114.48MB / 114.48MB 3.2s done
#4 sha256:b3671bc1fe6ae42f30a2203b53b0b49dea26cd30bac1f5c0b1b7f656ecf3a99f 27.26MB / 59.90MB 0.9s
#4 sha256:d3d360707c00e54223b27f436bea2451b276b5b72da6ce6e1f0ed49bfb30b364 12.58MB / 21.85MB 0.6s
#4 sha256:b3671bc1fe6ae42f30a2203b53b0b49dea26cd30bac1f5c0b1b7f656ecf3a99f 33.55MB / 59.90MB 1.1s
#4 sha256:d3d360707c00e54223b27f436bea2451b276b5b72da6ce6e1f0ed49bfb30b364 17.83MB / 21.85MB 0.8s
#4 sha256:8af4afaf02abf60fb0b57fc8af9e8056199c507230af1d3f2477d17fa8722012 0B / 2.72MB 0.2s
#4 sha256:b3671bc1fe6ae42f30a2203b53b0b49dea26cd30bac1f5c0b1b7f656ecf3a99f 38.80MB / 59.90MB 1.2s
#4 sha256:d3d360707c00e54223b27f436bea2451b276b5b72da6ce6e1f0ed49bfb30b364 21.85MB / 21.85MB 0.9s done
#4 sha256:1e17e6489e725e7015304984449af292b924e8dda8c62c430c9818a419e7de7d 14.68MB / 234.79MB 0.6s
#4 sha256:b3671bc1fe6ae42f30a2203b53b0b49dea26cd30bac1f5c0b1b7f656ecf3a99f 46.14MB / 59.90MB 1.4s
#4 sha256:8af4afaf02abf60fb0b57fc8af9e8056199c507230af1d3f2477d17fa8722012 2.72MB / 2.72MB 0.4s done
#4 sha256:e83dc40231c00dc52f4b1ebf814beb3602e00e28e30335542063e5aa3ee45be3 0B / 1.65MB 0.2s
#4 sha256:1e17e6489e725e7015304984449af292b924e8dda8c62c430c9818a419e7de7d 32.51MB / 234.79MB 0.9s
#4 sha256:e83dc40231c00dc52f4b1ebf814beb3602e00e28e30335542063e5aa3ee45be3 1.65MB / 1.65MB 0.3s done
#4 sha256:2646a19a5715342001f30b30a4bceccbcfc508b1706dd04822d8edff0611c42d 74.09kB / 74.09kB 0.3s done
#4 sha256:b3671bc1fe6ae42f30a2203b53b0b49dea26cd30bac1f5c0b1b7f656ecf3a99f 53.48MB / 59.90MB 1.5s
#4 extracting sha256:2646a19a5715342001f30b30a4bceccbcfc508b1706dd04822d8edff0611c42d 0.1s done
#4 sha256:fce58900065e7146de396363ec2c5183b1d376972d74bae5d0f46838e7400403 0B / 1.52MB 0.2s
#4 sha256:b3671bc1fe6ae42f30a2203b53b0b49dea26cd30bac1f5c0b1b7f656ecf3a99f 59.90MB / 59.90MB 1.6s done
#4 sha256:1e17e6489e725e7015304984449af292b924e8dda8c62c430c9818a419e7de7d 54.53MB / 234.79MB 1.2s
#4 sha256:fce58900065e7146de396363ec2c5183b1d376972d74bae5d0f46838e7400403 1.52MB / 1.52MB 0.3s
#4 sha256:1e17e6489e725e7015304984449af292b924e8dda8c62c430c9818a419e7de7d 70.25MB / 234.79MB 1.4s
#4 sha256:fce58900065e7146de396363ec2c5183b1d376972d74bae5d0f46838e7400403 1.52MB / 1.52MB 0.3s done
#4 extracting sha256:fce58900065e7146de396363ec2c5183b1d376972d74bae5d0f46838e7400403 0.1s done
#4 extracting sha256:4f4fb700ef54461cfa02571ae0db9a0dc1e0cdb5577484a6d75e68dc38e8acc1 0.0s done
#4 sha256:1e17e6489e725e7015304984449af292b924e8dda8c62c430c9818a419e7de7d 85.98MB / 234.79MB 1.5s
#4 extracting sha256:e83dc40231c00dc52f4b1ebf814beb3602e00e28e30335542063e5aa3ee45be3 0.1s done
#4 extracting sha256:8af4afaf02abf60fb0b57fc8af9e8056199c507230af1d3f2477d17fa8722012 0.1s done
#4 sha256:1e17e6489e725e7015304984449af292b924e8dda8c62c430c9818a419e7de7d 99.61MB / 234.79MB 1.7s
#4 sha256:1e17e6489e725e7015304984449af292b924e8dda8c62c430c9818a419e7de7d 115.34MB / 234.79MB 2.0s
#4 sha256:1e17e6489e725e7015304984449af292b924e8dda8c62c430c9818a419e7de7d 132.12MB / 234.79MB 2.1s
#4 sha256:1e17e6489e725e7015304984449af292b924e8dda8c62c430c9818a419e7de7d 149.95MB / 234.79MB 2.3s
#4 sha256:1e17e6489e725e7015304984449af292b924e8dda8c62c430c9818a419e7de7d 166.72MB / 234.79MB 2.4s
#4 sha256:1e17e6489e725e7015304984449af292b924e8dda8c62c430c9818a419e7de7d 183.50MB / 234.79MB 2.6s
#4 sha256:1e17e6489e725e7015304984449af292b924e8dda8c62c430c9818a419e7de7d 201.33MB / 234.79MB 2.7s
#4 sha256:1e17e6489e725e7015304984449af292b924e8dda8c62c430c9818a419e7de7d 216.01MB / 234.79MB 2.9s
#4 sha256:1e17e6489e725e7015304984449af292b924e8dda8c62c430c9818a419e7de7d 234.79MB / 234.79MB 3.2s
#4 sha256:1e17e6489e725e7015304984449af292b924e8dda8c62c430c9818a419e7de7d 234.79MB / 234.79MB 3.2s done
#4 extracting sha256:1e17e6489e725e7015304984449af292b924e8dda8c62c430c9818a419e7de7d
