2025-04-24 20:28:43 - [INFO]: Logging initialized. Main log: /media/kkk/Apps/jetc/buildx/logs/build-2025-04-24_20-28-43_UTC.log, Error log: /media/kkk/Apps/jetc/buildx/logs/errors-2025-04-24_20-28-43_UTC.log
2025-04-24 20:28:43 - [INFO]: Logging initialized. Main log: /media/kkk/Apps/jetc/buildx/logs/build-2025-04-24_20-28-43_UTC.log, Error log: /media/kkk/Apps/jetc/buildx/logs/errors-2025-04-24_20-28-43_UTC.log
2025-04-24 20:28:43 - [START]: Script started
2025-04-24 20:28:43 - [INFO]: Checking dependencies: docker dialog
2025-04-24 20:28:43 - [SUCCESS]: All dependencies verified.
2025-04-24 20:28:43 - [INFO]: Starting Jetson Container Build Process...
2025-04-24 20:29:12 - [INFO]: Attempting to pull image: kairin/jetc:nvcr-io-nvidia-pytorch-25.03-py3
2025-04-24 20:29:15 - [SUCCESS]:  -> Successfully pulled image: kairin/jetc:nvcr-io-nvidia-pytorch-25.03-py3
2025-04-24 20:29:18 - [SUCCESS]: User interaction completed successfully
2025-04-24 20:29:18 - [INFO]: --- Setting up Docker Buildx ---
2025-04-24 20:29:18 - [INFO]: Target builder instance: 'jetson-builder'
2025-04-24 20:29:18 - [INFO]: Buildx builder 'jetson-builder' already exists.
2025-04-24 20:29:18 - [SUCCESS]: --- Docker Buildx setup complete. Using builder: 'jetson-builder' ---
2025-04-24 20:29:18 - [SUCCESS]: Docker buildx builder setup complete.
2025-04-24 20:29:18 - [INFO]: --- Determining Build Order ---
2025-04-24 20:29:18 - [INFO]: User selected specific stages: 01-00-build-essential 01-02-numba 01-03-numpy 01-04-cuda 03-ninja 09-opencv 18-comfyui
2025-04-24 20:29:18 - [INFO]: Final determined build order (7 stages):
2025-04-24 20:29:18 - [INFO]:   - 01-00-build-essential
2025-04-24 20:29:18 - [INFO]:   - 01-02-numba
2025-04-24 20:29:18 - [INFO]:   - 01-03-numpy
2025-04-24 20:29:18 - [INFO]:   - 01-04-cuda
2025-04-24 20:29:18 - [INFO]:   - 03-ninja
2025-04-24 20:29:18 - [INFO]:   - 09-opencv
2025-04-24 20:29:18 - [INFO]:   - 18-comfyui
2025-04-24 20:29:18 - [INFO]: --- Build Order Determined ---
2025-04-24 20:29:18 - [SUCCESS]: Build order determined.
2025-04-24 20:29:18 - [INFO]: ==================================================
2025-04-24 20:29:18 - [INFO]: Starting Build Stages...
2025-04-24 20:29:18 - [INFO]: ==================================================
2025-04-24 20:29:18 - [INFO]: Initial base image for build stages: kairin/jetc:nvcr-io-nvidia-pytorch-25.03-py3
2025-04-24 20:29:18 - [INFO]: --- Processing Stage: 01-00-build-essential ---
