Setting build stage to: 01-00-build-essential
Continuing with next build...
Build failed for stage: 01-00-build-essential. Last successful image remains: kairin/jetc:nvcr-io-nvidia-pytorch-25.03-py3
Setting build stage to: 01-01-arrow
Continuing with next build...
Build failed for stage: 01-01-arrow. Last successful image remains: kairin/jetc:nvcr-io-nvidia-pytorch-25.03-py3
Setting build stage to: 01-02-numba
Continuing with next build...
Build failed for stage: 01-02-numba. Last successful image remains: kairin/jetc:nvcr-io-nvidia-pytorch-25.03-py3
Setting build stage to: 01-03-numpy
Continuing with next build...
Build failed for stage: 01-03-numpy. Last successful image remains: kairin/jetc:nvcr-io-nvidia-pytorch-25.03-py3
Setting build stage to: 01-04-cuda
Continuing with next build...
Build failed for stage: 01-04-cuda. Last successful image remains: kairin/jetc:nvcr-io-nvidia-pytorch-25.03-py3
Setting build stage to: 01-05-h5py
Continuing with next build...
Build failed for stage: 01-05-h5py. Last successful image remains: kairin/jetc:nvcr-io-nvidia-pytorch-25.03-py3
Setting build stage to: 02-bazel
Continuing with next build...
Build failed for stage: 02-bazel. Last successful image remains: kairin/jetc:nvcr-io-nvidia-pytorch-25.03-py3
Setting build stage to: 03-ninja
Continuing with next build...
Build failed for stage: 03-ninja. Last successful image remains: kairin/jetc:nvcr-io-nvidia-pytorch-25.03-py3
Setting build stage to: 04-python
Continuing with next build...
Build failed for stage: 04-python. Last successful image remains: kairin/jetc:nvcr-io-nvidia-pytorch-25.03-py3
Setting build stage to: 06-rust
Continuing with next build...
Build failed for stage: 06-rust. Last successful image remains: kairin/jetc:nvcr-io-nvidia-pytorch-25.03-py3
Setting build stage to: 09-opencv
Continuing with next build...
Build failed for stage: 09-opencv. Last successful image remains: kairin/jetc:nvcr-io-nvidia-pytorch-25.03-py3
Setting build stage to: 10-onnx
Continuing with next build...
Build failed for stage: 10-onnx. Last successful image remains: kairin/jetc:nvcr-io-nvidia-pytorch-25.03-py3
Setting build stage to: 10-onnxruntime
Continuing with next build...
Build failed for stage: 10-onnxruntime. Last successful image remains: kairin/jetc:nvcr-io-nvidia-pytorch-25.03-py3
Setting build stage to: 10-triton
