#6 0.078 /bin/bash: warning: setlocale: LC_ALL: cannot change locale (en_US.UTF-8)
#7 0.109 /bin/bash: warning: setlocale: LC_ALL: cannot change locale (en_US.UTF-8)
#7 6.467 /bin/bash: warning: setlocale: LC_ALL: cannot change locale (en_US.UTF-8)
#7 45.66 /bin/bash: warning: setlocale: LC_ALL: cannot change locale (en_US.UTF-8)
#7 45.68 perl: warning: Setting locale failed.
#7 45.68 perl: warning: Please check that your locale settings:
#7 45.68 perl: warning: Falling back to the standard locale ("C").
#7 54.78 /bin/bash: warning: setlocale: LC_ALL: cannot change locale (en_US.UTF-8)
#7 54.80 /bin/bash: warning: setlocale: LC_ALL: cannot change locale (en_US.UTF-8)
#7 54.82 /bin/bash: warning: setlocale: LC_ALL: cannot change locale (en_US.UTF-8)
#7 54.84 /bin/bash: warning: setlocale: LC_ALL: cannot change locale (en_US.UTF-8)
#7 54.88 /bin/bash: warning: setlocale: LC_ALL: cannot change locale (en_US.UTF-8)
#7 55.35 /bin/bash: warning: setlocale: LC_ALL: cannot change locale (en_US.UTF-8)
#7 55.99 /bin/bash: warning: setlocale: LC_ALL: cannot change locale (en_US.UTF-8)
#7 56.12 /bin/bash: warning: setlocale: LC_ALL: cannot change locale (en_US.UTF-8)
#7 58.57 /bin/bash: warning: setlocale: LC_ALL: cannot change locale (en_US.UTF-8)
#7 58.68 /bin/bash: warning: setlocale: LC_ALL: cannot change locale (en_US.UTF-8)
#7 59.99 /bin/bash: warning: setlocale: LC_ALL: cannot change locale (en_US.UTF-8)
#7 60.13 /bin/bash: warning: setlocale: LC_ALL: cannot change locale (en_US.UTF-8)
#7 60.24 /bin/bash: warning: setlocale: LC_ALL: cannot change locale (en_US.UTF-8)
#7 61.68 /bin/bash: warning: setlocale: LC_ALL: cannot change locale (en_US.UTF-8)
#7 63.92 /bin/bash: warning: setlocale: LC_ALL: cannot change locale (en_US.UTF-8)
#7 63.94 /bin/bash: warning: setlocale: LC_ALL: cannot change locale (en_US.UTF-8)
#7 64.48 /bin/bash: warning: setlocale: LC_ALL: cannot change locale (en_US.UTF-8)
#7 64.56 /usr/lib/tmpfiles.d/systemd-network.conf:10: Failed to resolve user 'systemd-network': No such process
#7 64.56 /usr/lib/tmpfiles.d/systemd-network.conf:11: Failed to resolve user 'systemd-network': No such process
#7 64.56 /usr/lib/tmpfiles.d/systemd-network.conf:12: Failed to resolve user 'systemd-network': No such process
#7 64.56 /usr/lib/tmpfiles.d/systemd-network.conf:13: Failed to resolve user 'systemd-network': No such process
#7 64.56 /usr/lib/tmpfiles.d/systemd.conf:22: Failed to resolve group 'systemd-journal': No such process
#7 64.56 /usr/lib/tmpfiles.d/systemd.conf:23: Failed to resolve group 'systemd-journal': No such process
#7 64.56 /usr/lib/tmpfiles.d/systemd.conf:28: Failed to resolve group 'systemd-journal': No such process
#7 64.56 /usr/lib/tmpfiles.d/systemd.conf:29: Failed to resolve group 'systemd-journal': No such process
#7 64.56 /usr/lib/tmpfiles.d/systemd.conf:30: Failed to resolve group 'systemd-journal': No such process
#7 64.62 /bin/bash: warning: setlocale: LC_ALL: cannot change locale (en_US.UTF-8)
#7 64.81 /bin/bash: warning: setlocale: LC_ALL: cannot change locale (en_US.UTF-8)
#7 64.98 /bin/bash: warning: setlocale: LC_ALL: cannot change locale (en_US.UTF-8)
#7 65.30 /bin/bash: warning: setlocale: LC_ALL: cannot change locale (en_US.UTF-8)
#7 65.32 /bin/bash: warning: setlocale: LC_ALL: cannot change locale (en_US.UTF-8)
#7 65.34 /bin/bash: warning: setlocale: LC_ALL: cannot change locale (en_US.UTF-8)
#7 65.36 /bin/bash: warning: setlocale: LC_ALL: cannot change locale (en_US.UTF-8)
#7 65.38 /bin/bash: warning: setlocale: LC_ALL: cannot change locale (en_US.UTF-8)
#7 65.40 /bin/bash: warning: setlocale: LC_ALL: cannot change locale (en_US.UTF-8)
#7 65.44 /bin/bash: warning: setlocale: LC_ALL: cannot change locale (en_US.UTF-8)
#7 65.46 /bin/bash: warning: setlocale: LC_ALL: cannot change locale (en_US.UTF-8)
#7 65.48 /bin/bash: warning: setlocale: LC_ALL: cannot change locale (en_US.UTF-8)
#7 65.50 /bin/bash: warning: setlocale: LC_ALL: cannot change locale (en_US.UTF-8)
#7 65.53 /bin/bash: warning: setlocale: LC_ALL: cannot change locale (en_US.UTF-8)
#7 65.55 /bin/bash: warning: setlocale: LC_ALL: cannot change locale (en_US.UTF-8)
#7 65.62 /bin/bash: warning: setlocale: LC_ALL: cannot change locale (en_US.UTF-8)
#7 65.64 /bin/bash: warning: setlocale: LC_ALL: cannot change locale (en_US.UTF-8)
#7 65.66 /bin/bash: warning: setlocale: LC_ALL: cannot change locale (en_US.UTF-8)
#7 65.68 /bin/bash: warning: setlocale: LC_ALL: cannot change locale (en_US.UTF-8)
#7 65.70 /bin/bash: warning: setlocale: LC_ALL: cannot change locale (en_US.UTF-8)
#7 65.72 /bin/bash: warning: setlocale: LC_ALL: cannot change locale (en_US.UTF-8)
#7 66.12 /bin/bash: warning: setlocale: LC_ALL: cannot change locale (en_US.UTF-8)
#7 66.56 /bin/bash: warning: setlocale: LC_ALL: cannot change locale (en_US.UTF-8)
#7 67.42 /bin/bash: warning: setlocale: LC_ALL: cannot change locale (en_US.UTF-8)
#7 71.25 /bin/bash: warning: setlocale: LC_ALL: cannot change locale (en_US.UTF-8)
#7 71.57 /bin/bash: warning: setlocale: LC_ALL: cannot change locale (en_US.UTF-8)
#7 71.59 /bin/bash: warning: setlocale: LC_ALL: cannot change locale (en_US.UTF-8)
#7 72.44 /bin/bash: warning: setlocale: LC_ALL: cannot change locale (en_US.UTF-8)
#7 72.46 /bin/bash: warning: setlocale: LC_ALL: cannot change locale (en_US.UTF-8)
#7 72.50 /bin/bash: warning: setlocale: LC_ALL: cannot change locale (en_US.UTF-8)
#7 72.52 /bin/bash: warning: setlocale: LC_ALL: cannot change locale (en_US.UTF-8)
#7 73.10 /bin/bash: warning: setlocale: LC_ALL: cannot change locale (en_US.UTF-8)
#7 73.12 /bin/bash: warning: setlocale: LC_ALL: cannot change locale (en_US.UTF-8)
#7 73.26 /bin/bash: warning: setlocale: LC_ALL: cannot change locale (en_US.UTF-8)
#7 73.28 /bin/bash: warning: setlocale: LC_ALL: cannot change locale (en_US.UTF-8)
#7 73.32 /bin/bash: warning: setlocale: LC_ALL: cannot change locale (en_US.UTF-8)
#7 73.34 /bin/bash: warning: setlocale: LC_ALL: cannot change locale (en_US.UTF-8)
#7 73.49 /bin/bash: warning: setlocale: LC_ALL: cannot change locale (en_US.UTF-8)
#7 73.51 /bin/bash: warning: setlocale: LC_ALL: cannot change locale (en_US.UTF-8)
#7 74.74 /bin/bash: warning: setlocale: LC_ALL: cannot change locale (en_US.UTF-8)
#7 74.76 /bin/bash: warning: setlocale: LC_ALL: cannot change locale (en_US.UTF-8)
#7 74.78 /bin/bash: warning: setlocale: LC_ALL: cannot change locale (en_US.UTF-8)
#7 74.81 /bin/bash: warning: setlocale: LC_ALL: cannot change locale (en_US.UTF-8)
#7 74.83 /bin/bash: warning: setlocale: LC_ALL: cannot change locale (en_US.UTF-8)
#7 74.96 /bin/bash: warning: setlocale: LC_ALL: cannot change locale (en_US.UTF-8)
#7 74.98 /bin/bash: warning: setlocale: LC_ALL: cannot change locale (en_US.UTF-8)
#7 75.00 /bin/bash: warning: setlocale: LC_ALL: cannot change locale (en_US.UTF-8)
#7 75.03 /bin/bash: warning: setlocale: LC_ALL: cannot change locale (en_US.UTF-8)
#7 75.05 /bin/bash: warning: setlocale: LC_ALL: cannot change locale (en_US.UTF-8)
#7 75.08 /bin/bash: warning: setlocale: LC_ALL: cannot change locale (en_US.UTF-8)
#7 75.10 /bin/bash: warning: setlocale: LC_ALL: cannot change locale (en_US.UTF-8)
#7 75.13 /bin/bash: warning: setlocale: LC_ALL: cannot change locale (en_US.UTF-8)
#7 75.15 /bin/bash: warning: setlocale: LC_ALL: cannot change locale (en_US.UTF-8)
#7 75.18 /bin/bash: warning: setlocale: LC_ALL: cannot change locale (en_US.UTF-8)
#7 75.20 /bin/bash: warning: setlocale: LC_ALL: cannot change locale (en_US.UTF-8)
#7 75.23 /bin/bash: warning: setlocale: LC_ALL: cannot change locale (en_US.UTF-8)
#7 75.26 /bin/bash: warning: setlocale: LC_ALL: cannot change locale (en_US.UTF-8)
#7 75.29 /bin/bash: warning: setlocale: LC_ALL: cannot change locale (en_US.UTF-8)
#7 75.32 /bin/bash: warning: setlocale: LC_ALL: cannot change locale (en_US.UTF-8)
#7 75.34 /bin/bash: warning: setlocale: LC_ALL: cannot change locale (en_US.UTF-8)
#7 75.37 /bin/bash: warning: setlocale: LC_ALL: cannot change locale (en_US.UTF-8)
#7 75.39 /bin/bash: warning: setlocale: LC_ALL: cannot change locale (en_US.UTF-8)
#7 75.42 /bin/bash: warning: setlocale: LC_ALL: cannot change locale (en_US.UTF-8)
#7 75.45 /bin/bash: warning: setlocale: LC_ALL: cannot change locale (en_US.UTF-8)
#7 75.48 /bin/bash: warning: setlocale: LC_ALL: cannot change locale (en_US.UTF-8)
#7 75.51 /bin/bash: warning: setlocale: LC_ALL: cannot change locale (en_US.UTF-8)
#7 75.54 /bin/bash: warning: setlocale: LC_ALL: cannot change locale (en_US.UTF-8)
#7 75.58 /bin/bash: warning: setlocale: LC_ALL: cannot change locale (en_US.UTF-8)
#7 75.61 /bin/bash: warning: setlocale: LC_ALL: cannot change locale (en_US.UTF-8)
#7 75.63 /bin/bash: warning: setlocale: LC_ALL: cannot change locale (en_US.UTF-8)
#7 75.66 /bin/bash: warning: setlocale: LC_ALL: cannot change locale (en_US.UTF-8)
#7 75.68 /bin/bash: warning: setlocale: LC_ALL: cannot change locale (en_US.UTF-8)
#7 75.71 /bin/bash: warning: setlocale: LC_ALL: cannot change locale (en_US.UTF-8)
#7 75.74 /bin/bash: warning: setlocale: LC_ALL: cannot change locale (en_US.UTF-8)
#7 75.77 /bin/bash: warning: setlocale: LC_ALL: cannot change locale (en_US.UTF-8)
#7 75.80 /bin/bash: warning: setlocale: LC_ALL: cannot change locale (en_US.UTF-8)
#7 75.83 /bin/bash: warning: setlocale: LC_ALL: cannot change locale (en_US.UTF-8)
#7 75.86 /bin/bash: warning: setlocale: LC_ALL: cannot change locale (en_US.UTF-8)
#7 75.89 /bin/bash: warning: setlocale: LC_ALL: cannot change locale (en_US.UTF-8)
#7 75.92 /bin/bash: warning: setlocale: LC_ALL: cannot change locale (en_US.UTF-8)
#7 75.95 /bin/bash: warning: setlocale: LC_ALL: cannot change locale (en_US.UTF-8)
#7 75.98 /bin/bash: warning: setlocale: LC_ALL: cannot change locale (en_US.UTF-8)
#7 76.02 /bin/bash: warning: setlocale: LC_ALL: cannot change locale (en_US.UTF-8)
#7 76.05 /bin/bash: warning: setlocale: LC_ALL: cannot change locale (en_US.UTF-8)
#7 76.08 /bin/bash: warning: setlocale: LC_ALL: cannot change locale (en_US.UTF-8)
#7 76.11 /bin/bash: warning: setlocale: LC_ALL: cannot change locale (en_US.UTF-8)
#7 76.15 /bin/bash: warning: setlocale: LC_ALL: cannot change locale (en_US.UTF-8)
#7 76.18 /bin/bash: warning: setlocale: LC_ALL: cannot change locale (en_US.UTF-8)
#7 80.77 /bin/bash: warning: setlocale: LC_ALL: cannot change locale (en_US.UTF-8)
#7 80.79 /bin/bash: warning: setlocale: LC_ALL: cannot change locale (en_US.UTF-8)
#7 82.81 /bin/bash: warning: setlocale: LC_ALL: cannot change locale (en_US.UTF-8)
#7 82.92 /bin/bash: warning: setlocale: LC_ALL: cannot change locale (en_US.UTF-8)
#7 82.94 /bin/bash: warning: setlocale: LC_ALL: cannot change locale (en_US.UTF-8)
#7 82.96 /bin/bash: warning: setlocale: LC_ALL: cannot change locale (en_US.UTF-8)
#7 82.99 /bin/bash: warning: setlocale: LC_ALL: cannot change locale (en_US.UTF-8)
#7 83.02 /bin/bash: warning: setlocale: LC_ALL: cannot change locale (en_US.UTF-8)
#7 83.05 /bin/bash: warning: setlocale: LC_ALL: cannot change locale (en_US.UTF-8)
#7 83.08 /bin/bash: warning: setlocale: LC_ALL: cannot change locale (en_US.UTF-8)
#7 83.12 /bin/bash: warning: setlocale: LC_ALL: cannot change locale (en_US.UTF-8)
#7 84.55 /bin/bash: warning: setlocale: LC_ALL: cannot change locale (en_US.UTF-8)
#7 99.17 update-alternatives: warning: skip creation of /usr/share/man/man8/aptitude.8.gz because associated file /usr/share/man/man8/aptitude-curses.8.gz (of link group aptitude) doesn't exist
#7 99.17 update-alternatives: warning: skip creation of /usr/share/man/cs/man8/aptitude.8.gz because associated file /usr/share/man/cs/man8/aptitude-curses.8.gz (of link group aptitude) doesn't exist
#7 99.17 update-alternatives: warning: skip creation of /usr/share/man/de/man8/aptitude.8.gz because associated file /usr/share/man/de/man8/aptitude-curses.8.gz (of link group aptitude) doesn't exist
#7 99.17 update-alternatives: warning: skip creation of /usr/share/man/es/man8/aptitude.8.gz because associated file /usr/share/man/es/man8/aptitude-curses.8.gz (of link group aptitude) doesn't exist
#7 99.17 update-alternatives: warning: skip creation of /usr/share/man/fi/man8/aptitude.8.gz because associated file /usr/share/man/fi/man8/aptitude-curses.8.gz (of link group aptitude) doesn't exist
#7 99.17 update-alternatives: warning: skip creation of /usr/share/man/fr/man8/aptitude.8.gz because associated file /usr/share/man/fr/man8/aptitude-curses.8.gz (of link group aptitude) doesn't exist
#7 99.17 update-alternatives: warning: skip creation of /usr/share/man/gl/man8/aptitude.8.gz because associated file /usr/share/man/gl/man8/aptitude-curses.8.gz (of link group aptitude) doesn't exist
#7 99.17 update-alternatives: warning: skip creation of /usr/share/man/it/man8/aptitude.8.gz because associated file /usr/share/man/it/man8/aptitude-curses.8.gz (of link group aptitude) doesn't exist
#7 99.17 update-alternatives: warning: skip creation of /usr/share/man/ja/man8/aptitude.8.gz because associated file /usr/share/man/ja/man8/aptitude-curses.8.gz (of link group aptitude) doesn't exist
#7 99.17 update-alternatives: warning: skip creation of /usr/share/man/pl/man8/aptitude.8.gz because associated file /usr/share/man/pl/man8/aptitude-curses.8.gz (of link group aptitude) doesn't exist
#7 102.5 Failed to open connection to "system" message bus: Failed to connect to socket /run/dbus/system_bus_socket: No such file or directory
#9 [5/6] RUN echo '#!/usr/bin/env bash' > /tmp/tarpack &&     echo 'set -ex' >> /tmp/tarpack &&     echo '' >> /tmp/tarpack &&     echo 'COMMAND=$1' >> /tmp/tarpack &&     echo 'PACKAGE=$2' >> /tmp/tarpack &&     echo '' >> /tmp/tarpack &&     echo ': "${TARPACK_PREFIX:=/usr/local}"' >> /tmp/tarpack &&     echo ': "${TARPACK_TMPDIR:=/tmp/tarpack}"' >> /tmp/tarpack &&     echo '' >> /tmp/tarpack &&     echo ': "${WGET_OPTIONS:=--quiet --show-progress --progress=bar:force:noscroll}"' >> /tmp/tarpack &&     echo '' >> /tmp/tarpack &&     echo 'mkdir -p ${TARPACK_TMPDIR}/uploads' >> /tmp/tarpack &&     echo '' >> /tmp/tarpack &&     echo 'if [ "${COMMAND}" == "install" ]; then' >> /tmp/tarpack &&     echo '	cd ${TARPACK_TMPDIR}' >> /tmp/tarpack &&     echo '	wget ${WGET_OPTIONS} ${TAR_INDEX_URL}/${PACKAGE}.tar.gz' >> /tmp/tarpack &&     echo '	wget ${WGET_OPTIONS} ${TAR_INDEX_URL}/${PACKAGE}.sha256' >> /tmp/tarpack &&     echo '	ls -ll ${PACKAGE}.tar.gz' >> /tmp/tarpack &&     echo '	cat ${PACKAGE}.sha256' >> /tmp/tarpack &&     echo '	sha256sum --check ${PACKAGE}.sha256' >> /tmp/tarpack &&     echo '	tar -xzvf ${PACKAGE}.tar.gz -C ${TARPACK_PREFIX}' >> /tmp/tarpack &&     echo '	rm ${PACKAGE}.tar.gz' >> /tmp/tarpack &&     echo '	rm ${PACKAGE}.sha256' >> /tmp/tarpack &&     echo 'elif [ "${COMMAND}" == "upload" ]; then' >> /tmp/tarpack &&     echo '	upload_tarball="${TARPACK_TMPDIR}/uploads/$PACKAGE.tar.gz"' >> /tmp/tarpack &&     echo '	upload_sha="${TARPACK_TMPDIR}/uploads/$PACKAGE.sha256"' >> /tmp/tarpack &&     echo '	src_dir="${3:-.}"' >> /tmp/tarpack &&     echo '	cd $src_dir || echo "warning: input $src_dir was not a valid directory"' >> /tmp/tarpack &&     echo '	tar -czvf $upload_tarball .' >> /tmp/tarpack &&     echo '	cd ${TARPACK_TMPDIR}/uploads' >> /tmp/tarpack &&     echo '	sha256sum $PACKAGE.tar.gz > $upload_sha' >> /tmp/tarpack &&     echo '	sshpass -p ${SCP_UPLOAD_PASS} scp -o '''StrictHostKeyChecking no''' $upload_tarball ${SCP_UPLOAD_USER}@${SCP_UPLOAD_URL}/' >> /tmp/tarpack &&     echo '	sshpass -p ${SCP_UPLOAD_PASS} scp -o '''StrictHostKeyChecking no''' $upload_sha ${SCP_UPLOAD_USER}@${SCP_UPLOAD_URL}/' >> /tmp/tarpack &&     echo '	#rm $upload_tarball' >> /tmp/tarpack &&     echo '	#rm $upload_sha' >> /tmp/tarpack &&     echo 'elif [ "${COMMAND}" == "test" ]; then' >> /tmp/tarpack &&     echo '	mkdir -p /tmp/tarpack-test/include/tarpack /tmp/tarpack-test/bin && \' >> /tmp/tarpack &&     echo '	echo "// TEST" > /tmp/tarpack-test/include/tarpack/tarpack.h && \' >> /tmp/tarpack &&     echo '	echo "echo TARPACK TEST" > /tmp/tarpack-test/bin/tarpack-test.sh && \' >> /tmp/tarpack &&     echo '	chmod +x /tmp/tarpack-test/bin/tarpack-test.sh && \' >> /tmp/tarpack &&     echo '	tarpack upload tarpack-test /tmp/tarpack-test/ && \' >> /tmp/tarpack &&     echo '	tarpack install tarpack-test && \' >> /tmp/tarpack &&     echo '	ls -ll /usr/local/bin && \'