#5 0.077 /bin/bash: warning: setlocale: LC_ALL: cannot change locale (en_US.UTF-8)
#6 0.106 /bin/bash: warning: setlocale: LC_ALL: cannot change locale (en_US.UTF-8)
#6 6.283 /bin/bash: warning: setlocale: LC_ALL: cannot change locale (en_US.UTF-8)
#6 45.58 /bin/bash: warning: setlocale: LC_ALL: cannot change locale (en_US.UTF-8)
#6 45.60 perl: warning: Setting locale failed.
#6 45.60 perl: warning: Please check that your locale settings:
#6 45.60 perl: warning: Falling back to the standard locale ("C").
#6 54.32 /bin/bash: warning: setlocale: LC_ALL: cannot change locale (en_US.UTF-8)
#6 54.34 /bin/bash: warning: setlocale: LC_ALL: cannot change locale (en_US.UTF-8)
#6 54.36 /bin/bash: warning: setlocale: LC_ALL: cannot change locale (en_US.UTF-8)
#6 54.38 /bin/bash: warning: setlocale: LC_ALL: cannot change locale (en_US.UTF-8)
#6 54.43 /bin/bash: warning: setlocale: LC_ALL: cannot change locale (en_US.UTF-8)
#6 54.88 /bin/bash: warning: setlocale: LC_ALL: cannot change locale (en_US.UTF-8)
#6 55.57 /bin/bash: warning: setlocale: LC_ALL: cannot change locale (en_US.UTF-8)
#6 55.70 /bin/bash: warning: setlocale: LC_ALL: cannot change locale (en_US.UTF-8)
#6 58.13 /bin/bash: warning: setlocale: LC_ALL: cannot change locale (en_US.UTF-8)
#6 58.25 /bin/bash: warning: setlocale: LC_ALL: cannot change locale (en_US.UTF-8)
#6 59.63 /bin/bash: warning: setlocale: LC_ALL: cannot change locale (en_US.UTF-8)
#6 59.75 /bin/bash: warning: setlocale: LC_ALL: cannot change locale (en_US.UTF-8)
#6 59.86 /bin/bash: warning: setlocale: LC_ALL: cannot change locale (en_US.UTF-8)
#6 61.31 /bin/bash: warning: setlocale: LC_ALL: cannot change locale (en_US.UTF-8)
#6 63.61 /bin/bash: warning: setlocale: LC_ALL: cannot change locale (en_US.UTF-8)
#6 63.65 /bin/bash: warning: setlocale: LC_ALL: cannot change locale (en_US.UTF-8)
#6 64.25 /bin/bash: warning: setlocale: LC_ALL: cannot change locale (en_US.UTF-8)
#6 64.34 /usr/lib/tmpfiles.d/systemd-network.conf:10: Failed to resolve user 'systemd-network': No such process
#6 64.34 /usr/lib/tmpfiles.d/systemd-network.conf:11: Failed to resolve user 'systemd-network': No such process
#6 64.34 /usr/lib/tmpfiles.d/systemd-network.conf:12: Failed to resolve user 'systemd-network': No such process
#6 64.34 /usr/lib/tmpfiles.d/systemd-network.conf:13: Failed to resolve user 'systemd-network': No such process
#6 64.34 /usr/lib/tmpfiles.d/systemd.conf:22: Failed to resolve group 'systemd-journal': No such process
#6 64.34 /usr/lib/tmpfiles.d/systemd.conf:23: Failed to resolve group 'systemd-journal': No such process
#6 64.34 /usr/lib/tmpfiles.d/systemd.conf:28: Failed to resolve group 'systemd-journal': No such process
#6 64.34 /usr/lib/tmpfiles.d/systemd.conf:29: Failed to resolve group 'systemd-journal': No such process
#6 64.34 /usr/lib/tmpfiles.d/systemd.conf:30: Failed to resolve group 'systemd-journal': No such process
#6 64.41 /bin/bash: warning: setlocale: LC_ALL: cannot change locale (en_US.UTF-8)
#6 64.61 /bin/bash: warning: setlocale: LC_ALL: cannot change locale (en_US.UTF-8)
#6 64.79 /bin/bash: warning: setlocale: LC_ALL: cannot change locale (en_US.UTF-8)
#6 65.12 /bin/bash: warning: setlocale: LC_ALL: cannot change locale (en_US.UTF-8)
#6 65.14 /bin/bash: warning: setlocale: LC_ALL: cannot change locale (en_US.UTF-8)
#6 65.16 /bin/bash: warning: setlocale: LC_ALL: cannot change locale (en_US.UTF-8)
#6 65.18 /bin/bash: warning: setlocale: LC_ALL: cannot change locale (en_US.UTF-8)
#6 65.20 /bin/bash: warning: setlocale: LC_ALL: cannot change locale (en_US.UTF-8)
#6 65.22 /bin/bash: warning: setlocale: LC_ALL: cannot change locale (en_US.UTF-8)
#6 65.26 /bin/bash: warning: setlocale: LC_ALL: cannot change locale (en_US.UTF-8)
#6 65.28 /bin/bash: warning: setlocale: LC_ALL: cannot change locale (en_US.UTF-8)
#6 65.30 /bin/bash: warning: setlocale: LC_ALL: cannot change locale (en_US.UTF-8)
#6 65.33 /bin/bash: warning: setlocale: LC_ALL: cannot change locale (en_US.UTF-8)
#6 65.35 /bin/bash: warning: setlocale: LC_ALL: cannot change locale (en_US.UTF-8)
#6 65.38 /bin/bash: warning: setlocale: LC_ALL: cannot change locale (en_US.UTF-8)
#6 65.46 /bin/bash: warning: setlocale: LC_ALL: cannot change locale (en_US.UTF-8)
#6 65.48 /bin/bash: warning: setlocale: LC_ALL: cannot change locale (en_US.UTF-8)
#6 65.50 /bin/bash: warning: setlocale: LC_ALL: cannot change locale (en_US.UTF-8)
#6 65.52 /bin/bash: warning: setlocale: LC_ALL: cannot change locale (en_US.UTF-8)
#6 65.54 /bin/bash: warning: setlocale: LC_ALL: cannot change locale (en_US.UTF-8)
#6 65.57 /bin/bash: warning: setlocale: LC_ALL: cannot change locale (en_US.UTF-8)
#6 65.97 /bin/bash: warning: setlocale: LC_ALL: cannot change locale (en_US.UTF-8)
#6 66.43 /bin/bash: warning: setlocale: LC_ALL: cannot change locale (en_US.UTF-8)
#6 67.34 /bin/bash: warning: setlocale: LC_ALL: cannot change locale (en_US.UTF-8)
#6 71.14 /bin/bash: warning: setlocale: LC_ALL: cannot change locale (en_US.UTF-8)
#6 71.47 /bin/bash: warning: setlocale: LC_ALL: cannot change locale (en_US.UTF-8)
#6 71.49 /bin/bash: warning: setlocale: LC_ALL: cannot change locale (en_US.UTF-8)
#6 72.38 /bin/bash: warning: setlocale: LC_ALL: cannot change locale (en_US.UTF-8)
#6 72.39 /bin/bash: warning: setlocale: LC_ALL: cannot change locale (en_US.UTF-8)
#6 72.43 /bin/bash: warning: setlocale: LC_ALL: cannot change locale (en_US.UTF-8)
#6 72.45 /bin/bash: warning: setlocale: LC_ALL: cannot change locale (en_US.UTF-8)
#6 73.08 /bin/bash: warning: setlocale: LC_ALL: cannot change locale (en_US.UTF-8)
#6 73.09 /bin/bash: warning: setlocale: LC_ALL: cannot change locale (en_US.UTF-8)
#6 73.23 /bin/bash: warning: setlocale: LC_ALL: cannot change locale (en_US.UTF-8)
#6 73.24 /bin/bash: warning: setlocale: LC_ALL: cannot change locale (en_US.UTF-8)
#6 73.29 /bin/bash: warning: setlocale: LC_ALL: cannot change locale (en_US.UTF-8)
#6 73.30 /bin/bash: warning: setlocale: LC_ALL: cannot change locale (en_US.UTF-8)
#6 73.45 /bin/bash: warning: setlocale: LC_ALL: cannot change locale (en_US.UTF-8)
#6 73.47 /bin/bash: warning: setlocale: LC_ALL: cannot change locale (en_US.UTF-8)
#6 74.76 /bin/bash: warning: setlocale: LC_ALL: cannot change locale (en_US.UTF-8)
#6 74.78 /bin/bash: warning: setlocale: LC_ALL: cannot change locale (en_US.UTF-8)
#6 74.81 /bin/bash: warning: setlocale: LC_ALL: cannot change locale (en_US.UTF-8)
#6 74.83 /bin/bash: warning: setlocale: LC_ALL: cannot change locale (en_US.UTF-8)
#6 74.85 /bin/bash: warning: setlocale: LC_ALL: cannot change locale (en_US.UTF-8)
#6 74.98 /bin/bash: warning: setlocale: LC_ALL: cannot change locale (en_US.UTF-8)
#6 75.00 /bin/bash: warning: setlocale: LC_ALL: cannot change locale (en_US.UTF-8)
#6 75.02 /bin/bash: warning: setlocale: LC_ALL: cannot change locale (en_US.UTF-8)
#6 75.05 /bin/bash: warning: setlocale: LC_ALL: cannot change locale (en_US.UTF-8)
#6 75.07 /bin/bash: warning: setlocale: LC_ALL: cannot change locale (en_US.UTF-8)
#6 75.10 /bin/bash: warning: setlocale: LC_ALL: cannot change locale (en_US.UTF-8)
#6 75.12 /bin/bash: warning: setlocale: LC_ALL: cannot change locale (en_US.UTF-8)
#6 75.14 /bin/bash: warning: setlocale: LC_ALL: cannot change locale (en_US.UTF-8)
#6 75.17 /bin/bash: warning: setlocale: LC_ALL: cannot change locale (en_US.UTF-8)
#6 75.19 /bin/bash: warning: setlocale: LC_ALL: cannot change locale (en_US.UTF-8)
#6 75.22 /bin/bash: warning: setlocale: LC_ALL: cannot change locale (en_US.UTF-8)
#6 75.24 /bin/bash: warning: setlocale: LC_ALL: cannot change locale (en_US.UTF-8)
#6 75.26 /bin/bash: warning: setlocale: LC_ALL: cannot change locale (en_US.UTF-8)
#6 75.29 /bin/bash: warning: setlocale: LC_ALL: cannot change locale (en_US.UTF-8)
#6 75.31 /bin/bash: warning: setlocale: LC_ALL: cannot change locale (en_US.UTF-8)
#6 75.34 /bin/bash: warning: setlocale: LC_ALL: cannot change locale (en_US.UTF-8)
#6 75.37 /bin/bash: warning: setlocale: LC_ALL: cannot change locale (en_US.UTF-8)
#6 75.39 /bin/bash: warning: setlocale: LC_ALL: cannot change locale (en_US.UTF-8)
#6 75.41 /bin/bash: warning: setlocale: LC_ALL: cannot change locale (en_US.UTF-8)
#6 75.43 /bin/bash: warning: setlocale: LC_ALL: cannot change locale (en_US.UTF-8)
#6 75.46 /bin/bash: warning: setlocale: LC_ALL: cannot change locale (en_US.UTF-8)
#6 75.48 /bin/bash: warning: setlocale: LC_ALL: cannot change locale (en_US.UTF-8)
#6 75.51 /bin/bash: warning: setlocale: LC_ALL: cannot change locale (en_US.UTF-8)
#6 75.54 /bin/bash: warning: setlocale: LC_ALL: cannot change locale (en_US.UTF-8)
#6 75.56 /bin/bash: warning: setlocale: LC_ALL: cannot change locale (en_US.UTF-8)
#6 75.59 /bin/bash: warning: setlocale: LC_ALL: cannot change locale (en_US.UTF-8)
#6 75.61 /bin/bash: warning: setlocale: LC_ALL: cannot change locale (en_US.UTF-8)
#6 75.64 /bin/bash: warning: setlocale: LC_ALL: cannot change locale (en_US.UTF-8)
#6 75.66 /bin/bash: warning: setlocale: LC_ALL: cannot change locale (en_US.UTF-8)
#6 75.69 /bin/bash: warning: setlocale: LC_ALL: cannot change locale (en_US.UTF-8)
#6 75.71 /bin/bash: warning: setlocale: LC_ALL: cannot change locale (en_US.UTF-8)
#6 75.74 /bin/bash: warning: setlocale: LC_ALL: cannot change locale (en_US.UTF-8)
#6 75.76 /bin/bash: warning: setlocale: LC_ALL: cannot change locale (en_US.UTF-8)
#6 75.79 /bin/bash: warning: setlocale: LC_ALL: cannot change locale (en_US.UTF-8)
#6 75.81 /bin/bash: warning: setlocale: LC_ALL: cannot change locale (en_US.UTF-8)
#6 75.84 /bin/bash: warning: setlocale: LC_ALL: cannot change locale (en_US.UTF-8)
#6 75.87 /bin/bash: warning: setlocale: LC_ALL: cannot change locale (en_US.UTF-8)
#6 75.90 /bin/bash: warning: setlocale: LC_ALL: cannot change locale (en_US.UTF-8)
#6 75.92 /bin/bash: warning: setlocale: LC_ALL: cannot change locale (en_US.UTF-8)
#6 75.95 /bin/bash: warning: setlocale: LC_ALL: cannot change locale (en_US.UTF-8)
#6 75.97 /bin/bash: warning: setlocale: LC_ALL: cannot change locale (en_US.UTF-8)
#6 76.00 /bin/bash: warning: setlocale: LC_ALL: cannot change locale (en_US.UTF-8)
#6 76.02 /bin/bash: warning: setlocale: LC_ALL: cannot change locale (en_US.UTF-8)
#6 76.05 /bin/bash: warning: setlocale: LC_ALL: cannot change locale (en_US.UTF-8)
#6 80.47 /bin/bash: warning: setlocale: LC_ALL: cannot change locale (en_US.UTF-8)
#6 80.48 /bin/bash: warning: setlocale: LC_ALL: cannot change locale (en_US.UTF-8)
#6 82.44 /bin/bash: warning: setlocale: LC_ALL: cannot change locale (en_US.UTF-8)
#6 82.55 /bin/bash: warning: setlocale: LC_ALL: cannot change locale (en_US.UTF-8)
#6 82.56 /bin/bash: warning: setlocale: LC_ALL: cannot change locale (en_US.UTF-8)
#6 82.59 /bin/bash: warning: setlocale: LC_ALL: cannot change locale (en_US.UTF-8)
#6 82.61 /bin/bash: warning: setlocale: LC_ALL: cannot change locale (en_US.UTF-8)
#6 82.64 /bin/bash: warning: setlocale: LC_ALL: cannot change locale (en_US.UTF-8)
#6 82.67 /bin/bash: warning: setlocale: LC_ALL: cannot change locale (en_US.UTF-8)
#6 82.69 /bin/bash: warning: setlocale: LC_ALL: cannot change locale (en_US.UTF-8)
#6 82.71 /bin/bash: warning: setlocale: LC_ALL: cannot change locale (en_US.UTF-8)
#6 84.10 /bin/bash: warning: setlocale: LC_ALL: cannot change locale (en_US.UTF-8)
#6 99.42 update-alternatives: warning: skip creation of /usr/share/man/man8/aptitude.8.gz because associated file /usr/share/man/man8/aptitude-curses.8.gz (of link group aptitude) doesn't exist
#6 99.42 update-alternatives: warning: skip creation of /usr/share/man/cs/man8/aptitude.8.gz because associated file /usr/share/man/cs/man8/aptitude-curses.8.gz (of link group aptitude) doesn't exist
#6 99.42 update-alternatives: warning: skip creation of /usr/share/man/de/man8/aptitude.8.gz because associated file /usr/share/man/de/man8/aptitude-curses.8.gz (of link group aptitude) doesn't exist
#6 99.42 update-alternatives: warning: skip creation of /usr/share/man/es/man8/aptitude.8.gz because associated file /usr/share/man/es/man8/aptitude-curses.8.gz (of link group aptitude) doesn't exist
#6 99.42 update-alternatives: warning: skip creation of /usr/share/man/fi/man8/aptitude.8.gz because associated file /usr/share/man/fi/man8/aptitude-curses.8.gz (of link group aptitude) doesn't exist
#6 99.42 update-alternatives: warning: skip creation of /usr/share/man/fr/man8/aptitude.8.gz because associated file /usr/share/man/fr/man8/aptitude-curses.8.gz (of link group aptitude) doesn't exist
#6 99.42 update-alternatives: warning: skip creation of /usr/share/man/gl/man8/aptitude.8.gz because associated file /usr/share/man/gl/man8/aptitude-curses.8.gz (of link group aptitude) doesn't exist
#6 99.42 update-alternatives: warning: skip creation of /usr/share/man/it/man8/aptitude.8.gz because associated file /usr/share/man/it/man8/aptitude-curses.8.gz (of link group aptitude) doesn't exist
#6 99.42 update-alternatives: warning: skip creation of /usr/share/man/ja/man8/aptitude.8.gz because associated file /usr/share/man/ja/man8/aptitude-curses.8.gz (of link group aptitude) doesn't exist
#6 99.42 update-alternatives: warning: skip creation of /usr/share/man/pl/man8/aptitude.8.gz because associated file /usr/share/man/pl/man8/aptitude-curses.8.gz (of link group aptitude) doesn't exist
#6 103.0 Failed to open connection to "system" message bus: Failed to connect to socket /run/dbus/system_bus_socket: No such file or directory
#8 [5/6] RUN echo '#!/usr/bin/env bash' > /tmp/tarpack &&     echo 'set -ex' >> /tmp/tarpack &&     echo '' >> /tmp/tarpack &&     echo 'COMMAND=$1' >> /tmp/tarpack &&     echo 'PACKAGE=$2' >> /tmp/tarpack &&     echo '' >> /tmp/tarpack &&     echo ': "${TARPACK_PREFIX:=/usr/local}"' >> /tmp/tarpack &&     echo ': "${TARPACK_TMPDIR:=/tmp/tarpack}"' >> /tmp/tarpack &&     echo '' >> /tmp/tarpack &&     echo ': "${WGET_OPTIONS:=--quiet --show-progress --progress=bar:force:noscroll}"' >> /tmp/tarpack &&     echo '' >> /tmp/tarpack &&     echo 'mkdir -p ${TARPACK_TMPDIR}/uploads' >> /tmp/tarpack &&     echo '' >> /tmp/tarpack &&     echo 'if [ "${COMMAND}" == "install" ]; then' >> /tmp/tarpack &&     echo '	cd ${TARPACK_TMPDIR}' >> /tmp/tarpack &&     echo '	wget ${WGET_OPTIONS} ${TAR_INDEX_URL}/${PACKAGE}.tar.gz' >> /tmp/tarpack &&     echo '	wget ${WGET_OPTIONS} ${TAR_INDEX_URL}/${PACKAGE}.sha256' >> /tmp/tarpack &&     echo '	ls -ll ${PACKAGE}.tar.gz' >> /tmp/tarpack &&     echo '	cat ${PACKAGE}.sha256' >> /tmp/tarpack &&     echo '	sha256sum --check ${PACKAGE}.sha256' >> /tmp/tarpack &&     echo '	tar -xzvf ${PACKAGE}.tar.gz -C ${TARPACK_PREFIX}' >> /tmp/tarpack &&     echo '	rm ${PACKAGE}.tar.gz' >> /tmp/tarpack &&     echo '	rm ${PACKAGE}.sha256' >> /tmp/tarpack &&     echo 'elif [ "${COMMAND}" == "upload" ]; then' >> /tmp/tarpack &&     echo '	upload_tarball="${TARPACK_TMPDIR}/uploads/$PACKAGE.tar.gz"' >> /tmp/tarpack &&     echo '	upload_sha="${TARPACK_TMPDIR}/uploads/$PACKAGE.sha256"' >> /tmp/tarpack &&     echo '	src_dir="${3:-.}"' >> /tmp/tarpack &&     echo '	cd $src_dir || echo "warning: input $src_dir was not a valid directory"' >> /tmp/tarpack &&     echo '	tar -czvf $upload_tarball .' >> /tmp/tarpack &&     echo '	cd ${TARPACK_TMPDIR}/uploads' >> /tmp/tarpack &&     echo '	sha256sum $PACKAGE.tar.gz > $upload_sha' >> /tmp/tarpack &&     echo '	sshpass -p ${SCP_UPLOAD_PASS} scp -o '''StrictHostKeyChecking no''' $upload_tarball ${SCP_UPLOAD_USER}@${SCP_UPLOAD_URL}/' >> /tmp/tarpack &&     echo '	sshpass -p ${SCP_UPLOAD_PASS} scp -o '''StrictHostKeyChecking no''' $upload_sha ${SCP_UPLOAD_USER}@${SCP_UPLOAD_URL}/' >> /tmp/tarpack &&     echo '	#rm $upload_tarball' >> /tmp/tarpack &&     echo '	#rm $upload_sha' >> /tmp/tarpack &&     echo 'elif [ "${COMMAND}" == "test" ]; then' >> /tmp/tarpack &&     echo '	mkdir -p /tmp/tarpack-test/include/tarpack /tmp/tarpack-test/bin && \' >> /tmp/tarpack &&     echo '	echo "// TEST" > /tmp/tarpack-test/include/tarpack/tarpack.h && \' >> /tmp/tarpack &&     echo '	echo "echo TARPACK TEST" > /tmp/tarpack-test/bin/tarpack-test.sh && \' >> /tmp/tarpack &&     echo '	chmod +x /tmp/tarpack-test/bin/tarpack-test.sh && \' >> /tmp/tarpack &&     echo '	tarpack upload tarpack-test /tmp/tarpack-test/ && \' >> /tmp/tarpack &&     echo '	tarpack install tarpack-test && \' >> /tmp/tarpack &&     echo '	ls -ll /usr/local/bin && \'